2023-10-17T18:08:41+00:00 CRITICAL Uncaught ArgumentCountError: Too few arguments to function my_custom_function(), 1 passed in /Users/marcel/Sites/adventure-buddy/wp-includes/class-wp-hook.php on line 312 and exactly 3 expected in /Users/marcel/Sites/adventure-buddy/wp-content/themes/bridge-child/functions.php:535
Stack trace:
#0 /Users/marcel/Sites/adventure-buddy/wp-includes/class-wp-hook.php(312): my_custom_function('2')
#1 /Users/marcel/Sites/adventure-buddy/wp-includes/class-wp-hook.php(334): WP_Hook->apply_filters('', Array)
#2 /Users/marcel/Sites/adventure-buddy/wp-includes/plugin.php(517): WP_Hook->do_action(Array)
#3 /Users/marcel/Sites/adventure-buddy/wp-content/plugins/registrationmagic-premium/public/controllers/class_rm_front_form_controller_addon.php(277): do_action('rm_submission_c...', '2', Array, Array)
#4 /Users/marcel/Sites/adventure-buddy/wp-content/plugins/custom-registration-form-builder-with-submission-manager/public/controllers/class_rm_front_form_controller.php(39): RM_Front_Form_Controller_Addon->process(Object(RM_Fields), Object(RM_Front_Form_Service), Object(RM_Request), Array, Object(RM_Front_Form_Controller))
#5 /Users/marcel/Sites/adventure-buddy/wp-content/plugins/custom-registration-form-builder-with-submission-manager/includes/class_rm_main_controller.php(136): RM_Front_Form_Controller->process(Object(RM_Fields), Object(RM_Front_Form_Service), Object(RM_Request), Array)
#6 /Users/marcel/Sites/adventure-buddy/wp-content/plugins/registrationmagic-premium/public/class_rm_public_addon.php(167): RM_Main_Controller->run()
#7 /Users/marcel/Sites/adventure-buddy/wp-content/plugins/custom-registration-form-builder-with-submission-manager/public/class_rm_public.php(310): RM_Public_Addon->rm_user_form_render(Array, Object(RM_Public))
#8 /Users/marcel/Sites/adventure-buddy/wp-includes/shortcodes.php(433): RM_Public->rm_user_form_render(Array, '', 'RM_Form')
#9 [internal function]: do_shortcode_tag(Array)
#10 /Users/marcel/Sites/adventure-buddy/wp-includes/shortcodes.php(273): preg_replace_callback('/\\[(\\[?)(RM_For...', 'do_shortcode_ta...', '[RM_Form id='2'...')
#11 /Users/marcel/Sites/adventure-buddy/wp-content/plugins/elementor/includes/widgets/shortcode.php(130): do_shortcode('[RM_Form id='2'...')
#12 /Users/marcel/Sites/adventure-buddy/wp-content/plugins/elementor/includes/base/controls-stack.php(2268): Elementor\Widget_Shortcode->render()
#13 /Users/marcel/Sites/adventure-buddy/wp-content/plugins/elementor/includes/base/widget-base.php(609): Elementor\Controls_Stack->render_by_mode()
#14 /Users/marcel/Sites/adventure-buddy/wp-content/plugins/elementor/includes/base/widget-base.php(750): Elementor\Widget_Base->render_content()
#15 /Users/marcel/Sites/adventure-buddy/wp-content/plugins/elementor/includes/base/element-base.php(449): Elementor\Widget_Base->print_content()
#16 /Users/marcel/Sites/adventure-buddy/wp-content/plugins/elementor/includes/base/element-base.php(1354): Elementor\Element_Base->print_element()
#17 /Users/marcel/Sites/adventure-buddy/wp-content/plugins/elementor/includes/base/element-base.php(449): Elementor\Element_Base->print_content()
#18 /Users/marcel/Sites/adventure-buddy/wp-content/plugins/elementor/includes/base/element-base.php(1354): Elementor\Element_Base->print_element()
#19 /Users/marcel/Sites/adventure-buddy/wp-content/plugins/elementor/includes/base/element-base.php(449): Elementor\Element_Base->print_content()
#20 /Users/marcel/Sites/adventure-buddy/wp-content/plugins/elementor/core/base/document.php(1711): Elementor\Element_Base->print_element()
#21 /Users/marcel/Sites/adventure-buddy/wp-content/plugins/elementor/core/base/document.php(1106): Elementor\Core\Base\Document->print_elements(Array)
#22 /Users/marcel/Sites/adventure-buddy/wp-content/plugins/elementor/includes/frontend.php(1179): Elementor\Core\Base\Document->print_elements_with_wrapper(Array)
#23 /Users/marcel/Sites/adventure-buddy/wp-content/plugins/elementor/includes/frontend.php(1074): Elementor\Frontend->get_builder_content(884)
#24 /Users/marcel/Sites/adventure-buddy/wp-includes/class-wp-hook.php(310): Elementor\Frontend->apply_builder_in_content('[RM_Form id='2'...')
#25 /Users/marcel/Sites/adventure-buddy/wp-includes/plugin.php(205): WP_Hook->apply_filters('[RM_Form id='2'...', Array)
#26 /Users/marcel/Sites/adventure-buddy/wp-includes/post-template.php(256): apply_filters('the_content', '[RM_Form id='2'...')
#27 /Users/marcel/Sites/adventure-buddy/wp-content/themes/bridge/page.php(52): the_content()
#28 /Users/marcel/Sites/adventure-buddy/wp-includes/template-loader.php(106): include('/Users/marcel/S...')
#29 /Users/marcel/Sites/adventure-buddy/wp-blog-header.php(19): require_once('/Users/marcel/S...')
#30 /Users/marcel/Sites/adventure-buddy/index.php(17): require('/Users/marcel/S...')
#31 {main}
  thrown v /Users/marcel/Sites/adventure-buddy/wp-content/themes/bridge-child/functions.php v vrstici 535

2023-10-17T18:09:27+00:00 CRITICAL Uncaught ArgumentCountError: Too few arguments to function my_custom_function(), 1 passed in /Users/marcel/Sites/adventure-buddy/wp-includes/class-wp-hook.php on line 312 and exactly 3 expected in /Users/marcel/Sites/adventure-buddy/wp-content/themes/bridge-child/functions.php:535
Stack trace:
#0 /Users/marcel/Sites/adventure-buddy/wp-includes/class-wp-hook.php(312): my_custom_function('2')
#1 /Users/marcel/Sites/adventure-buddy/wp-includes/class-wp-hook.php(334): WP_Hook->apply_filters('', Array)
#2 /Users/marcel/Sites/adventure-buddy/wp-includes/plugin.php(517): WP_Hook->do_action(Array)
#3 /Users/marcel/Sites/adventure-buddy/wp-content/plugins/registrationmagic-premium/public/controllers/class_rm_front_form_controller_addon.php(277): do_action('rm_submission_c...', '2', Array, Array)
#4 /Users/marcel/Sites/adventure-buddy/wp-content/plugins/custom-registration-form-builder-with-submission-manager/public/controllers/class_rm_front_form_controller.php(39): RM_Front_Form_Controller_Addon->process(Object(RM_Fields), Object(RM_Front_Form_Service), Object(RM_Request), Array, Object(RM_Front_Form_Controller))
#5 /Users/marcel/Sites/adventure-buddy/wp-content/plugins/custom-registration-form-builder-with-submission-manager/includes/class_rm_main_controller.php(136): RM_Front_Form_Controller->process(Object(RM_Fields), Object(RM_Front_Form_Service), Object(RM_Request), Array)
#6 /Users/marcel/Sites/adventure-buddy/wp-content/plugins/registrationmagic-premium/public/class_rm_public_addon.php(167): RM_Main_Controller->run()
#7 /Users/marcel/Sites/adventure-buddy/wp-content/plugins/custom-registration-form-builder-with-submission-manager/public/class_rm_public.php(310): RM_Public_Addon->rm_user_form_render(Array, Object(RM_Public))
#8 /Users/marcel/Sites/adventure-buddy/wp-includes/shortcodes.php(433): RM_Public->rm_user_form_render(Array, '', 'RM_Form')
#9 [internal function]: do_shortcode_tag(Array)
#10 /Users/marcel/Sites/adventure-buddy/wp-includes/shortcodes.php(273): preg_replace_callback('/\\[(\\[?)(RM_For...', 'do_shortcode_ta...', '[RM_Form id='2'...')
#11 /Users/marcel/Sites/adventure-buddy/wp-content/plugins/elementor/includes/widgets/shortcode.php(130): do_shortcode('[RM_Form id='2'...')
#12 /Users/marcel/Sites/adventure-buddy/wp-content/plugins/elementor/includes/base/controls-stack.php(2268): Elementor\Widget_Shortcode->render()
#13 /Users/marcel/Sites/adventure-buddy/wp-content/plugins/elementor/includes/base/widget-base.php(609): Elementor\Controls_Stack->render_by_mode()
#14 /Users/marcel/Sites/adventure-buddy/wp-content/plugins/elementor/includes/base/widget-base.php(750): Elementor\Widget_Base->render_content()
#15 /Users/marcel/Sites/adventure-buddy/wp-content/plugins/elementor/includes/base/element-base.php(449): Elementor\Widget_Base->print_content()
#16 /Users/marcel/Sites/adventure-buddy/wp-content/plugins/elementor/includes/base/element-base.php(1354): Elementor\Element_Base->print_element()
#17 /Users/marcel/Sites/adventure-buddy/wp-content/plugins/elementor/includes/base/element-base.php(449): Elementor\Element_Base->print_content()
#18 /Users/marcel/Sites/adventure-buddy/wp-content/plugins/elementor/includes/base/element-base.php(1354): Elementor\Element_Base->print_element()
#19 /Users/marcel/Sites/adventure-buddy/wp-content/plugins/elementor/includes/base/element-base.php(449): Elementor\Element_Base->print_content()
#20 /Users/marcel/Sites/adventure-buddy/wp-content/plugins/elementor/core/base/document.php(1711): Elementor\Element_Base->print_element()
#21 /Users/marcel/Sites/adventure-buddy/wp-content/plugins/elementor/core/base/document.php(1106): Elementor\Core\Base\Document->print_elements(Array)
#22 /Users/marcel/Sites/adventure-buddy/wp-content/plugins/elementor/includes/frontend.php(1179): Elementor\Core\Base\Document->print_elements_with_wrapper(Array)
#23 /Users/marcel/Sites/adventure-buddy/wp-content/plugins/elementor/includes/frontend.php(1074): Elementor\Frontend->get_builder_content(884)
#24 /Users/marcel/Sites/adventure-buddy/wp-includes/class-wp-hook.php(310): Elementor\Frontend->apply_builder_in_content('[RM_Form id='2'...')
#25 /Users/marcel/Sites/adventure-buddy/wp-includes/plugin.php(205): WP_Hook->apply_filters('[RM_Form id='2'...', Array)
#26 /Users/marcel/Sites/adventure-buddy/wp-includes/post-template.php(256): apply_filters('the_content', '[RM_Form id='2'...')
#27 /Users/marcel/Sites/adventure-buddy/wp-content/themes/bridge/page.php(52): the_content()
#28 /Users/marcel/Sites/adventure-buddy/wp-includes/template-loader.php(106): include('/Users/marcel/S...')
#29 /Users/marcel/Sites/adventure-buddy/wp-blog-header.php(19): require_once('/Users/marcel/S...')
#30 /Users/marcel/Sites/adventure-buddy/index.php(17): require('/Users/marcel/S...')
#31 {main}
  thrown v /Users/marcel/Sites/adventure-buddy/wp-content/themes/bridge-child/functions.php v vrstici 535

2023-10-17T18:25:16+00:00 CRITICAL Uncaught Error: Undefined constant "localStorage" in /Users/marcel/Sites/adventure-buddy/wp-content/themes/bridge-child/functions.php:540
Stack trace:
#0 /Users/marcel/Sites/adventure-buddy/wp-includes/class-wp-hook.php(312): my_custom_function('2')
#1 /Users/marcel/Sites/adventure-buddy/wp-includes/class-wp-hook.php(334): WP_Hook->apply_filters('', Array)
#2 /Users/marcel/Sites/adventure-buddy/wp-includes/plugin.php(517): WP_Hook->do_action(Array)
#3 /Users/marcel/Sites/adventure-buddy/wp-content/plugins/registrationmagic-premium/public/controllers/class_rm_front_form_controller_addon.php(277): do_action('rm_submission_c...', '2', Array, Array)
#4 /Users/marcel/Sites/adventure-buddy/wp-content/plugins/custom-registration-form-builder-with-submission-manager/public/controllers/class_rm_front_form_controller.php(39): RM_Front_Form_Controller_Addon->process(Object(RM_Fields), Object(RM_Front_Form_Service), Object(RM_Request), Array, Object(RM_Front_Form_Controller))
#5 /Users/marcel/Sites/adventure-buddy/wp-content/plugins/custom-registration-form-builder-with-submission-manager/includes/class_rm_main_controller.php(136): RM_Front_Form_Controller->process(Object(RM_Fields), Object(RM_Front_Form_Service), Object(RM_Request), Array)
#6 /Users/marcel/Sites/adventure-buddy/wp-content/plugins/registrationmagic-premium/public/class_rm_public_addon.php(167): RM_Main_Controller->run()
#7 /Users/marcel/Sites/adventure-buddy/wp-content/plugins/custom-registration-form-builder-with-submission-manager/public/class_rm_public.php(310): RM_Public_Addon->rm_user_form_render(Array, Object(RM_Public))
#8 /Users/marcel/Sites/adventure-buddy/wp-includes/shortcodes.php(433): RM_Public->rm_user_form_render(Array, '', 'RM_Form')
#9 [internal function]: do_shortcode_tag(Array)
#10 /Users/marcel/Sites/adventure-buddy/wp-includes/shortcodes.php(273): preg_replace_callback('/\\[(\\[?)(RM_For...', 'do_shortcode_ta...', '[RM_Form id='2'...')
#11 /Users/marcel/Sites/adventure-buddy/wp-content/plugins/elementor/includes/widgets/shortcode.php(130): do_shortcode('[RM_Form id='2'...')
#12 /Users/marcel/Sites/adventure-buddy/wp-content/plugins/elementor/includes/base/controls-stack.php(2268): Elementor\Widget_Shortcode->render()
#13 /Users/marcel/Sites/adventure-buddy/wp-content/plugins/elementor/includes/base/widget-base.php(609): Elementor\Controls_Stack->render_by_mode()
#14 /Users/marcel/Sites/adventure-buddy/wp-content/plugins/elementor/includes/base/widget-base.php(750): Elementor\Widget_Base->render_content()
#15 /Users/marcel/Sites/adventure-buddy/wp-content/plugins/elementor/includes/base/element-base.php(449): Elementor\Widget_Base->print_content()
#16 /Users/marcel/Sites/adventure-buddy/wp-content/plugins/elementor/includes/base/element-base.php(1354): Elementor\Element_Base->print_element()
#17 /Users/marcel/Sites/adventure-buddy/wp-content/plugins/elementor/includes/base/element-base.php(449): Elementor\Element_Base->print_content()
#18 /Users/marcel/Sites/adventure-buddy/wp-content/plugins/elementor/includes/base/element-base.php(1354): Elementor\Element_Base->print_element()
#19 /Users/marcel/Sites/adventure-buddy/wp-content/plugins/elementor/includes/base/element-base.php(449): Elementor\Element_Base->print_content()
#20 /Users/marcel/Sites/adventure-buddy/wp-content/plugins/elementor/core/base/document.php(1711): Elementor\Element_Base->print_element()
#21 /Users/marcel/Sites/adventure-buddy/wp-content/plugins/elementor/core/base/document.php(1106): Elementor\Core\Base\Document->print_elements(Array)
#22 /Users/marcel/Sites/adventure-buddy/wp-content/plugins/elementor/includes/frontend.php(1179): Elementor\Core\Base\Document->print_elements_with_wrapper(Array)
#23 /Users/marcel/Sites/adventure-buddy/wp-content/plugins/elementor/includes/frontend.php(1074): Elementor\Frontend->get_builder_content(884)
#24 /Users/marcel/Sites/adventure-buddy/wp-includes/class-wp-hook.php(310): Elementor\Frontend->apply_builder_in_content('[RM_Form id='2'...')
#25 /Users/marcel/Sites/adventure-buddy/wp-includes/plugin.php(205): WP_Hook->apply_filters('[RM_Form id='2'...', Array)
#26 /Users/marcel/Sites/adventure-buddy/wp-includes/post-template.php(256): apply_filters('the_content', '[RM_Form id='2'...')
#27 /Users/marcel/Sites/adventure-buddy/wp-content/themes/bridge/page.php(52): the_content()
#28 /Users/marcel/Sites/adventure-buddy/wp-includes/template-loader.php(106): include('/Users/marcel/S...')
#29 /Users/marcel/Sites/adventure-buddy/wp-blog-header.php(19): require_once('/Users/marcel/S...')
#30 /Users/marcel/Sites/adventure-buddy/index.php(17): require('/Users/marcel/S...')
#31 {main}
  thrown v /Users/marcel/Sites/adventure-buddy/wp-content/themes/bridge-child/functions.php v vrstici 540

2023-10-17T18:44:01+00:00 CRITICAL Uncaught ArgumentCountError: Too few arguments to function create_bookable_product_after_user_register(), 1 passed in /Users/marcel/Sites/adventure-buddy/wp-includes/class-wp-hook.php on line 312 and exactly 2 expected in /Users/marcel/Sites/adventure-buddy/wp-content/themes/bridge-child/functions.php:76
Stack trace:
#0 /Users/marcel/Sites/adventure-buddy/wp-includes/class-wp-hook.php(312): create_bookable_product_after_user_register(19)
#1 /Users/marcel/Sites/adventure-buddy/wp-includes/class-wp-hook.php(334): WP_Hook->apply_filters(NULL, Array)
#2 /Users/marcel/Sites/adventure-buddy/wp-includes/plugin.php(517): WP_Hook->do_action(Array)
#3 /Users/marcel/Sites/adventure-buddy/wp-includes/user.php(2497): do_action('user_register', 19, Array)
#4 /Users/marcel/Sites/adventure-buddy/wp-includes/user.php(2780): wp_insert_user(Array)
#5 /Users/marcel/Sites/adventure-buddy/wp-content/plugins/registrationmagic-premium/services/class_rm_front_form_service_addon.php(92): wp_create_user('marcel333', 'Tanglwood1', 'marcel.golob@gm...')
#6 /Users/marcel/Sites/adventure-buddy/wp-content/plugins/custom-registration-form-builder-with-submission-manager/services/class_rm_front_form_service.php(239): RM_Front_Form_Service_Addon->register_user('marcel333', 'marcel.golob@gm...', 'Tanglwood1', '2', Object(RM_Front_Form_Service), true, 'default')
#7 /Users/marcel/Sites/adventure-buddy/wp-content/plugins/registrationmagic-premium/public/models/class_rm_frontend_form_reg_addon.php(106): RM_Front_Form_Service->register_user('marcel333', 'marcel.golob@gm...', 'Tanglwood1', '2', true, 'default')
#8 /Users/marcel/Sites/adventure-buddy/wp-content/plugins/custom-registration-form-builder-with-submission-manager/public/models/class_rm_frontend_form_reg.php(109): RM_Frontend_Form_Reg_Addon->post_sub_proc(Array, Array, Object(RM_Frontend_Form_Reg))
#9 /Users/marcel/Sites/adventure-buddy/wp-content/plugins/registrationmagic-premium/public/controllers/class_rm_front_form_controller_addon.php(255): RM_Frontend_Form_Reg->post_sub_proc(Array, Array)
#10 /Users/marcel/Sites/adventure-buddy/wp-content/plugins/custom-registration-form-builder-with-submission-manager/public/controllers/class_rm_front_form_controller.php(39): RM_Front_Form_Controller_Addon->process(Object(RM_Fields), Object(RM_Front_Form_Service), Object(RM_Request), Array, Object(RM_Front_Form_Controller))
#11 /Users/marcel/Sites/adventure-buddy/wp-content/plugins/custom-registration-form-builder-with-submission-manager/includes/class_rm_main_controller.php(136): RM_Front_Form_Controller->process(Object(RM_Fields), Object(RM_Front_Form_Service), Object(RM_Request), Array)
#12 /Users/marcel/Sites/adventure-buddy/wp-content/plugins/registrationmagic-premium/public/class_rm_public_addon.php(167): RM_Main_Controller->run()
#13 /Users/marcel/Sites/adventure-buddy/wp-content/plugins/custom-registration-form-builder-with-submission-manager/public/class_rm_public.php(310): RM_Public_Addon->rm_user_form_render(Array, Object(RM_Public))
#14 /Users/marcel/Sites/adventure-buddy/wp-includes/shortcodes.php(433): RM_Public->rm_user_form_render(Array, '', 'RM_Form')
#15 [internal function]: do_shortcode_tag(Array)
#16 /Users/marcel/Sites/adventure-buddy/wp-includes/shortcodes.php(273): preg_replace_callback('/\\[(\\[?)(RM_For...', 'do_shortcode_ta...', '[RM_Form id='2'...')
#17 /Users/marcel/Sites/adventure-buddy/wp-content/plugins/elementor/includes/widgets/shortcode.php(130): do_shortcode('[RM_Form id='2'...')
#18 /Users/marcel/Sites/adventure-buddy/wp-content/plugins/elementor/includes/base/controls-stack.php(2268): Elementor\Widget_Shortcode->render()
#19 /Users/marcel/Sites/adventure-buddy/wp-content/plugins/elementor/includes/base/widget-base.php(609): Elementor\Controls_Stack->render_by_mode()
#20 /Users/marcel/Sites/adventure-buddy/wp-content/plugins/elementor/includes/base/widget-base.php(750): Elementor\Widget_Base->render_content()
#21 /Users/marcel/Sites/adventure-buddy/wp-content/plugins/elementor/includes/base/element-base.php(449): Elementor\Widget_Base->print_content()
#22 /Users/marcel/Sites/adventure-buddy/wp-content/plugins/elementor/includes/base/element-base.php(1354): Elementor\Element_Base->print_element()
#23 /Users/marcel/Sites/adventure-buddy/wp-content/plugins/elementor/includes/base/element-base.php(449): Elementor\Element_Base->print_content()
#24 /Users/marcel/Sites/adventure-buddy/wp-content/plugins/elementor/includes/base/element-base.php(1354): Elementor\Element_Base->print_element()
#25 /Users/marcel/Sites/adventure-buddy/wp-content/plugins/elementor/includes/base/element-base.php(449): Elementor\Element_Base->print_content()
#26 /Users/marcel/Sites/adventure-buddy/wp-content/plugins/elementor/core/base/document.php(1711): Elementor\Element_Base->print_element()
#27 /Users/marcel/Sites/adventure-buddy/wp-content/plugins/elementor/core/base/document.php(1106): Elementor\Core\Base\Document->print_elements(Array)
#28 /Users/marcel/Sites/adventure-buddy/wp-content/plugins/elementor/includes/frontend.php(1179): Elementor\Core\Base\Document->print_elements_with_wrapper(Array)
#29 /Users/marcel/Sites/adventure-buddy/wp-content/plugins/elementor/includes/frontend.php(1074): Elementor\Frontend->get_builder_content(884)
#30 /Users/marcel/Sites/adventure-buddy/wp-includes/class-wp-hook.php(310): Elementor\Frontend->apply_builder_in_content('[RM_Form id='2'...')
#31 /Users/marcel/Sites/adventure-buddy/wp-includes/plugin.php(205): WP_Hook->apply_filters('[RM_Form id='2'...', Array)
#32 /Users/marcel/Sites/adventure-buddy/wp-includes/post-template.php(256): apply_filters('the_content', '[RM_Form id='2'...')
#33 /Users/marcel/Sites/adventure-buddy/wp-content/themes/bridge/page.php(52): the_content()
#34 /Users/marcel/Sites/adventure-buddy/wp-includes/template-loader.php(106): include('/Users/marcel/S...')
#35 /Users/marcel/Sites/adventure-buddy/wp-blog-header.php(19): require_once('/Users/marcel/S...')
#36 /Users/marcel/Sites/adventure-buddy/index.php(17): require('/Users/marcel/S...')
#37 {main}
  thrown v /Users/marcel/Sites/adventure-buddy/wp-content/themes/bridge-child/functions.php v vrstici 76

2023-10-17T18:46:26+00:00 CRITICAL syntax error, unexpected variable "$product_data" v /Users/marcel/Sites/adventure-buddy/wp-content/themes/bridge-child/functions.php v vrstici 81

2023-10-17T18:46:27+00:00 CRITICAL syntax error, unexpected variable "$product_data" v /Users/marcel/Sites/adventure-buddy/wp-content/themes/bridge-child/functions.php v vrstici 81

2023-10-17T19:18:06+00:00 CRITICAL Uncaught Error: Call to undefined method WC_Product_Booking::set_resource() in /Users/marcel/Sites/adventure-buddy/wp-content/themes/bridge-child/functions.php:102
Stack trace:
#0 /Users/marcel/Sites/adventure-buddy/wp-includes/class-wp-hook.php(312): create_bookable_product_after_user_register(22)
#1 /Users/marcel/Sites/adventure-buddy/wp-includes/class-wp-hook.php(334): WP_Hook->apply_filters(NULL, Array)
#2 /Users/marcel/Sites/adventure-buddy/wp-includes/plugin.php(517): WP_Hook->do_action(Array)
#3 /Users/marcel/Sites/adventure-buddy/wp-includes/user.php(2497): do_action('user_register', 22, Array)
#4 /Users/marcel/Sites/adventure-buddy/wp-includes/user.php(2780): wp_insert_user(Array)
#5 /Users/marcel/Sites/adventure-buddy/wp-content/plugins/registrationmagic-premium/services/class_rm_front_form_service_addon.php(92): wp_create_user('rdsfddf', 'Tanglwood1', 'marcel.go2323lo...')
#6 /Users/marcel/Sites/adventure-buddy/wp-content/plugins/custom-registration-form-builder-with-submission-manager/services/class_rm_front_form_service.php(239): RM_Front_Form_Service_Addon->register_user('rdsfddf', 'marcel.go2323lo...', 'Tanglwood1', '2', Object(RM_Front_Form_Service), true, 'default')
#7 /Users/marcel/Sites/adventure-buddy/wp-content/plugins/registrationmagic-premium/public/models/class_rm_frontend_form_reg_addon.php(106): RM_Front_Form_Service->register_user('rdsfddf', 'marcel.go2323lo...', 'Tanglwood1', '2', true, 'default')
#8 /Users/marcel/Sites/adventure-buddy/wp-content/plugins/custom-registration-form-builder-with-submission-manager/public/models/class_rm_frontend_form_reg.php(109): RM_Frontend_Form_Reg_Addon->post_sub_proc(Array, Array, Object(RM_Frontend_Form_Reg))
#9 /Users/marcel/Sites/adventure-buddy/wp-content/plugins/registrationmagic-premium/public/controllers/class_rm_front_form_controller_addon.php(255): RM_Frontend_Form_Reg->post_sub_proc(Array, Array)
#10 /Users/marcel/Sites/adventure-buddy/wp-content/plugins/custom-registration-form-builder-with-submission-manager/public/controllers/class_rm_front_form_controller.php(39): RM_Front_Form_Controller_Addon->process(Object(RM_Fields), Object(RM_Front_Form_Service), Object(RM_Request), Array, Object(RM_Front_Form_Controller))
#11 /Users/marcel/Sites/adventure-buddy/wp-content/plugins/custom-registration-form-builder-with-submission-manager/includes/class_rm_main_controller.php(136): RM_Front_Form_Controller->process(Object(RM_Fields), Object(RM_Front_Form_Service), Object(RM_Request), Array)
#12 /Users/marcel/Sites/adventure-buddy/wp-content/plugins/registrationmagic-premium/public/class_rm_public_addon.php(167): RM_Main_Controller->run()
#13 /Users/marcel/Sites/adventure-buddy/wp-content/plugins/custom-registration-form-builder-with-submission-manager/public/class_rm_public.php(310): RM_Public_Addon->rm_user_form_render(Array, Object(RM_Public))
#14 /Users/marcel/Sites/adventure-buddy/wp-includes/shortcodes.php(433): RM_Public->rm_user_form_render(Array, '', 'RM_Form')
#15 [internal function]: do_shortcode_tag(Array)
#16 /Users/marcel/Sites/adventure-buddy/wp-includes/shortcodes.php(273): preg_replace_callback('/\\[(\\[?)(RM_For...', 'do_shortcode_ta...', '[RM_Form id='2'...')
#17 /Users/marcel/Sites/adventure-buddy/wp-content/plugins/elementor/includes/widgets/shortcode.php(130): do_shortcode('[RM_Form id='2'...')
#18 /Users/marcel/Sites/adventure-buddy/wp-content/plugins/elementor/includes/base/controls-stack.php(2268): Elementor\Widget_Shortcode->render()
#19 /Users/marcel/Sites/adventure-buddy/wp-content/plugins/elementor/includes/base/widget-base.php(609): Elementor\Controls_Stack->render_by_mode()
#20 /Users/marcel/Sites/adventure-buddy/wp-content/plugins/elementor/includes/base/widget-base.php(750): Elementor\Widget_Base->render_content()
#21 /Users/marcel/Sites/adventure-buddy/wp-content/plugins/elementor/includes/base/element-base.php(449): Elementor\Widget_Base->print_content()
#22 /Users/marcel/Sites/adventure-buddy/wp-content/plugins/elementor/includes/base/element-base.php(1354): Elementor\Element_Base->print_element()
#23 /Users/marcel/Sites/adventure-buddy/wp-content/plugins/elementor/includes/base/element-base.php(449): Elementor\Element_Base->print_content()
#24 /Users/marcel/Sites/adventure-buddy/wp-content/plugins/elementor/includes/base/element-base.php(1354): Elementor\Element_Base->print_element()
#25 /Users/marcel/Sites/adventure-buddy/wp-content/plugins/elementor/includes/base/element-base.php(449): Elementor\Element_Base->print_content()
#26 /Users/marcel/Sites/adventure-buddy/wp-content/plugins/elementor/core/base/document.php(1711): Elementor\Element_Base->print_element()
#27 /Users/marcel/Sites/adventure-buddy/wp-content/plugins/elementor/core/base/document.php(1106): Elementor\Core\Base\Document->print_elements(Array)
#28 /Users/marcel/Sites/adventure-buddy/wp-content/plugins/elementor/includes/frontend.php(1179): Elementor\Core\Base\Document->print_elements_with_wrapper(Array)
#29 /Users/marcel/Sites/adventure-buddy/wp-content/plugins/elementor/includes/frontend.php(1074): Elementor\Frontend->get_builder_content(884)
#30 /Users/marcel/Sites/adventure-buddy/wp-includes/class-wp-hook.php(310): Elementor\Frontend->apply_builder_in_content('[RM_Form id='2'...')
#31 /Users/marcel/Sites/adventure-buddy/wp-includes/plugin.php(205): WP_Hook->apply_filters('[RM_Form id='2'...', Array)
#32 /Users/marcel/Sites/adventure-buddy/wp-includes/post-template.php(256): apply_filters('the_content', '[RM_Form id='2'...')
#33 /Users/marcel/Sites/adventure-buddy/wp-content/themes/bridge/page.php(52): the_content()
#34 /Users/marcel/Sites/adventure-buddy/wp-includes/template-loader.php(106): include('/Users/marcel/S...')
#35 /Users/marcel/Sites/adventure-buddy/wp-blog-header.php(19): require_once('/Users/marcel/S...')
#36 /Users/marcel/Sites/adventure-buddy/index.php(17): require('/Users/marcel/S...')
#37 {main}
  thrown v /Users/marcel/Sites/adventure-buddy/wp-content/themes/bridge-child/functions.php v vrstici 102

2023-10-17T19:22:14+00:00 CRITICAL Uncaught Error: Call to undefined method WC_Product_Simple::set_has_resources() in /Users/marcel/Sites/adventure-buddy/wp-content/themes/bridge-child/functions.php:105
Stack trace:
#0 /Users/marcel/Sites/adventure-buddy/wp-includes/class-wp-hook.php(312): create_bookable_product_after_user_register(24)
#1 /Users/marcel/Sites/adventure-buddy/wp-includes/class-wp-hook.php(334): WP_Hook->apply_filters(NULL, Array)
#2 /Users/marcel/Sites/adventure-buddy/wp-includes/plugin.php(517): WP_Hook->do_action(Array)
#3 /Users/marcel/Sites/adventure-buddy/wp-includes/user.php(2497): do_action('user_register', 24, Array)
#4 /Users/marcel/Sites/adventure-buddy/wp-includes/user.php(2780): wp_insert_user(Array)
#5 /Users/marcel/Sites/adventure-buddy/wp-content/plugins/registrationmagic-premium/services/class_rm_front_form_service_addon.php(92): wp_create_user('marcel213123213...', 'Tanglwood1', 'marcel.g2324524...')
#6 /Users/marcel/Sites/adventure-buddy/wp-content/plugins/custom-registration-form-builder-with-submission-manager/services/class_rm_front_form_service.php(239): RM_Front_Form_Service_Addon->register_user('marcel213123213...', 'marcel.g2324524...', 'Tanglwood1', '2', Object(RM_Front_Form_Service), true, 'default')
#7 /Users/marcel/Sites/adventure-buddy/wp-content/plugins/registrationmagic-premium/public/models/class_rm_frontend_form_reg_addon.php(106): RM_Front_Form_Service->register_user('marcel213123213...', 'marcel.g2324524...', 'Tanglwood1', '2', true, 'default')
#8 /Users/marcel/Sites/adventure-buddy/wp-content/plugins/custom-registration-form-builder-with-submission-manager/public/models/class_rm_frontend_form_reg.php(109): RM_Frontend_Form_Reg_Addon->post_sub_proc(Array, Array, Object(RM_Frontend_Form_Reg))
#9 /Users/marcel/Sites/adventure-buddy/wp-content/plugins/registrationmagic-premium/public/controllers/class_rm_front_form_controller_addon.php(255): RM_Frontend_Form_Reg->post_sub_proc(Array, Array)
#10 /Users/marcel/Sites/adventure-buddy/wp-content/plugins/custom-registration-form-builder-with-submission-manager/public/controllers/class_rm_front_form_controller.php(39): RM_Front_Form_Controller_Addon->process(Object(RM_Fields), Object(RM_Front_Form_Service), Object(RM_Request), Array, Object(RM_Front_Form_Controller))
#11 /Users/marcel/Sites/adventure-buddy/wp-content/plugins/custom-registration-form-builder-with-submission-manager/includes/class_rm_main_controller.php(136): RM_Front_Form_Controller->process(Object(RM_Fields), Object(RM_Front_Form_Service), Object(RM_Request), Array)
#12 /Users/marcel/Sites/adventure-buddy/wp-content/plugins/registrationmagic-premium/public/class_rm_public_addon.php(167): RM_Main_Controller->run()
#13 /Users/marcel/Sites/adventure-buddy/wp-content/plugins/custom-registration-form-builder-with-submission-manager/public/class_rm_public.php(310): RM_Public_Addon->rm_user_form_render(Array, Object(RM_Public))
#14 /Users/marcel/Sites/adventure-buddy/wp-includes/shortcodes.php(433): RM_Public->rm_user_form_render(Array, '', 'RM_Form')
#15 [internal function]: do_shortcode_tag(Array)
#16 /Users/marcel/Sites/adventure-buddy/wp-includes/shortcodes.php(273): preg_replace_callback('/\\[(\\[?)(RM_For...', 'do_shortcode_ta...', '[RM_Form id='2'...')
#17 /Users/marcel/Sites/adventure-buddy/wp-content/plugins/elementor/includes/widgets/shortcode.php(130): do_shortcode('[RM_Form id='2'...')
#18 /Users/marcel/Sites/adventure-buddy/wp-content/plugins/elementor/includes/base/controls-stack.php(2268): Elementor\Widget_Shortcode->render()
#19 /Users/marcel/Sites/adventure-buddy/wp-content/plugins/elementor/includes/base/widget-base.php(609): Elementor\Controls_Stack->render_by_mode()
#20 /Users/marcel/Sites/adventure-buddy/wp-content/plugins/elementor/includes/base/widget-base.php(750): Elementor\Widget_Base->render_content()
#21 /Users/marcel/Sites/adventure-buddy/wp-content/plugins/elementor/includes/base/element-base.php(449): Elementor\Widget_Base->print_content()
#22 /Users/marcel/Sites/adventure-buddy/wp-content/plugins/elementor/includes/base/element-base.php(1354): Elementor\Element_Base->print_element()
#23 /Users/marcel/Sites/adventure-buddy/wp-content/plugins/elementor/includes/base/element-base.php(449): Elementor\Element_Base->print_content()
#24 /Users/marcel/Sites/adventure-buddy/wp-content/plugins/elementor/includes/base/element-base.php(1354): Elementor\Element_Base->print_element()
#25 /Users/marcel/Sites/adventure-buddy/wp-content/plugins/elementor/includes/base/element-base.php(449): Elementor\Element_Base->print_content()
#26 /Users/marcel/Sites/adventure-buddy/wp-content/plugins/elementor/core/base/document.php(1711): Elementor\Element_Base->print_element()
#27 /Users/marcel/Sites/adventure-buddy/wp-content/plugins/elementor/core/base/document.php(1106): Elementor\Core\Base\Document->print_elements(Array)
#28 /Users/marcel/Sites/adventure-buddy/wp-content/plugins/elementor/includes/frontend.php(1179): Elementor\Core\Base\Document->print_elements_with_wrapper(Array)
#29 /Users/marcel/Sites/adventure-buddy/wp-content/plugins/elementor/includes/frontend.php(1074): Elementor\Frontend->get_builder_content(884)
#30 /Users/marcel/Sites/adventure-buddy/wp-includes/class-wp-hook.php(310): Elementor\Frontend->apply_builder_in_content('[RM_Form id='2'...')
#31 /Users/marcel/Sites/adventure-buddy/wp-includes/plugin.php(205): WP_Hook->apply_filters('[RM_Form id='2'...', Array)
#32 /Users/marcel/Sites/adventure-buddy/wp-includes/post-template.php(256): apply_filters('the_content', '[RM_Form id='2'...')
#33 /Users/marcel/Sites/adventure-buddy/wp-content/themes/bridge/page.php(52): the_content()
#34 /Users/marcel/Sites/adventure-buddy/wp-includes/template-loader.php(106): include('/Users/marcel/S...')
#35 /Users/marcel/Sites/adventure-buddy/wp-blog-header.php(19): require_once('/Users/marcel/S...')
#36 /Users/marcel/Sites/adventure-buddy/index.php(17): require('/Users/marcel/S...')
#37 {main}
  thrown v /Users/marcel/Sites/adventure-buddy/wp-content/themes/bridge-child/functions.php v vrstici 105

2023-10-17T19:29:04+00:00 CRITICAL Uncaught Error: Call to undefined function wc_bookings_set_resources() in /Users/marcel/Sites/adventure-buddy/wp-content/themes/bridge-child/functions.php:105
Stack trace:
#0 /Users/marcel/Sites/adventure-buddy/wp-includes/class-wp-hook.php(312): create_bookable_product_after_user_register(26)
#1 /Users/marcel/Sites/adventure-buddy/wp-includes/class-wp-hook.php(334): WP_Hook->apply_filters(NULL, Array)
#2 /Users/marcel/Sites/adventure-buddy/wp-includes/plugin.php(517): WP_Hook->do_action(Array)
#3 /Users/marcel/Sites/adventure-buddy/wp-includes/user.php(2497): do_action('user_register', 26, Array)
#4 /Users/marcel/Sites/adventure-buddy/wp-includes/user.php(2780): wp_insert_user(Array)
#5 /Users/marcel/Sites/adventure-buddy/wp-content/plugins/registrationmagic-premium/services/class_rm_front_form_service_addon.php(92): wp_create_user('adsdas232', 'Tanglwood1', 'marcel.234241go...')
#6 /Users/marcel/Sites/adventure-buddy/wp-content/plugins/custom-registration-form-builder-with-submission-manager/services/class_rm_front_form_service.php(239): RM_Front_Form_Service_Addon->register_user('adsdas232', 'marcel.234241go...', 'Tanglwood1', '2', Object(RM_Front_Form_Service), true, 'default')
#7 /Users/marcel/Sites/adventure-buddy/wp-content/plugins/registrationmagic-premium/public/models/class_rm_frontend_form_reg_addon.php(106): RM_Front_Form_Service->register_user('adsdas232', 'marcel.234241go...', 'Tanglwood1', '2', true, 'default')
#8 /Users/marcel/Sites/adventure-buddy/wp-content/plugins/custom-registration-form-builder-with-submission-manager/public/models/class_rm_frontend_form_reg.php(109): RM_Frontend_Form_Reg_Addon->post_sub_proc(Array, Array, Object(RM_Frontend_Form_Reg))
#9 /Users/marcel/Sites/adventure-buddy/wp-content/plugins/registrationmagic-premium/public/controllers/class_rm_front_form_controller_addon.php(255): RM_Frontend_Form_Reg->post_sub_proc(Array, Array)
#10 /Users/marcel/Sites/adventure-buddy/wp-content/plugins/custom-registration-form-builder-with-submission-manager/public/controllers/class_rm_front_form_controller.php(39): RM_Front_Form_Controller_Addon->process(Object(RM_Fields), Object(RM_Front_Form_Service), Object(RM_Request), Array, Object(RM_Front_Form_Controller))
#11 /Users/marcel/Sites/adventure-buddy/wp-content/plugins/custom-registration-form-builder-with-submission-manager/includes/class_rm_main_controller.php(136): RM_Front_Form_Controller->process(Object(RM_Fields), Object(RM_Front_Form_Service), Object(RM_Request), Array)
#12 /Users/marcel/Sites/adventure-buddy/wp-content/plugins/registrationmagic-premium/public/class_rm_public_addon.php(167): RM_Main_Controller->run()
#13 /Users/marcel/Sites/adventure-buddy/wp-content/plugins/custom-registration-form-builder-with-submission-manager/public/class_rm_public.php(310): RM_Public_Addon->rm_user_form_render(Array, Object(RM_Public))
#14 /Users/marcel/Sites/adventure-buddy/wp-includes/shortcodes.php(433): RM_Public->rm_user_form_render(Array, '', 'RM_Form')
#15 [internal function]: do_shortcode_tag(Array)
#16 /Users/marcel/Sites/adventure-buddy/wp-includes/shortcodes.php(273): preg_replace_callback('/\\[(\\[?)(RM_For...', 'do_shortcode_ta...', '[RM_Form id='2'...')
#17 /Users/marcel/Sites/adventure-buddy/wp-content/plugins/elementor/includes/widgets/shortcode.php(130): do_shortcode('[RM_Form id='2'...')
#18 /Users/marcel/Sites/adventure-buddy/wp-content/plugins/elementor/includes/base/controls-stack.php(2268): Elementor\Widget_Shortcode->render()
#19 /Users/marcel/Sites/adventure-buddy/wp-content/plugins/elementor/includes/base/widget-base.php(609): Elementor\Controls_Stack->render_by_mode()
#20 /Users/marcel/Sites/adventure-buddy/wp-content/plugins/elementor/includes/base/widget-base.php(750): Elementor\Widget_Base->render_content()
#21 /Users/marcel/Sites/adventure-buddy/wp-content/plugins/elementor/includes/base/element-base.php(449): Elementor\Widget_Base->print_content()
#22 /Users/marcel/Sites/adventure-buddy/wp-content/plugins/elementor/includes/base/element-base.php(1354): Elementor\Element_Base->print_element()
#23 /Users/marcel/Sites/adventure-buddy/wp-content/plugins/elementor/includes/base/element-base.php(449): Elementor\Element_Base->print_content()
#24 /Users/marcel/Sites/adventure-buddy/wp-content/plugins/elementor/includes/base/element-base.php(1354): Elementor\Element_Base->print_element()
#25 /Users/marcel/Sites/adventure-buddy/wp-content/plugins/elementor/includes/base/element-base.php(449): Elementor\Element_Base->print_content()
#26 /Users/marcel/Sites/adventure-buddy/wp-content/plugins/elementor/core/base/document.php(1711): Elementor\Element_Base->print_element()
#27 /Users/marcel/Sites/adventure-buddy/wp-content/plugins/elementor/core/base/document.php(1106): Elementor\Core\Base\Document->print_elements(Array)
#28 /Users/marcel/Sites/adventure-buddy/wp-content/plugins/elementor/includes/frontend.php(1179): Elementor\Core\Base\Document->print_elements_with_wrapper(Array)
#29 /Users/marcel/Sites/adventure-buddy/wp-content/plugins/elementor/includes/frontend.php(1074): Elementor\Frontend->get_builder_content(884)
#30 /Users/marcel/Sites/adventure-buddy/wp-includes/class-wp-hook.php(310): Elementor\Frontend->apply_builder_in_content('[RM_Form id='2'...')
#31 /Users/marcel/Sites/adventure-buddy/wp-includes/plugin.php(205): WP_Hook->apply_filters('[RM_Form id='2'...', Array)
#32 /Users/marcel/Sites/adventure-buddy/wp-includes/post-template.php(256): apply_filters('the_content', '[RM_Form id='2'...')
#33 /Users/marcel/Sites/adventure-buddy/wp-content/themes/bridge/page.php(52): the_content()
#34 /Users/marcel/Sites/adventure-buddy/wp-includes/template-loader.php(106): include('/Users/marcel/S...')
#35 /Users/marcel/Sites/adventure-buddy/wp-blog-header.php(19): require_once('/Users/marcel/S...')
#36 /Users/marcel/Sites/adventure-buddy/index.php(17): require('/Users/marcel/S...')
#37 {main}
  thrown v /Users/marcel/Sites/adventure-buddy/wp-content/themes/bridge-child/functions.php v vrstici 105

2023-10-17T19:46:21+00:00 CRITICAL syntax error, unexpected identifier "wp_update_post" v /Users/marcel/Sites/adventure-buddy/wp-content/themes/bridge-child/functions.php v vrstici 105

