2023-10-09T16:55:09+00:00 CRITICAL Uncaught Error: Call to a member function get_variation() on array in /Users/marcel/Sites/adventure-buddy/wp-content/plugins/woocommerce/includes/admin/meta-boxes/class-wc-meta-box-product-data.php:154
Stack trace:
#0 [internal function]: WC_Meta_Box_Product_Data::filter_variation_attributes(Array)
#1 /Users/marcel/Sites/adventure-buddy/wp-content/plugins/woocommerce/includes/admin/meta-boxes/class-wc-meta-box-product-data.php(174): array_filter(Array, Array)
#2 /Users/marcel/Sites/adventure-buddy/wp-content/plugins/woocommerce/includes/admin/meta-boxes/views/html-product-data-panel.php(53): WC_Meta_Box_Product_Data::output_variations()
#3 /Users/marcel/Sites/adventure-buddy/wp-content/plugins/woocommerce/includes/admin/meta-boxes/class-wc-meta-box-product-data.php(33): include('/Users/marcel/S...')
#4 /Users/marcel/Sites/adventure-buddy/wp-admin/includes/template.php(1443): WC_Meta_Box_Product_Data::output(Object(WP_Post), Array)
#5 /Users/marcel/Sites/adventure-buddy/wp-admin/edit-form-advanced.php(688): do_meta_boxes(Object(WP_Screen), 'normal', Object(WP_Post))
#6 /Users/marcel/Sites/adventure-buddy/wp-admin/post.php(206): require('/Users/marcel/S...')
#7 {main}
  thrown v /Users/marcel/Sites/adventure-buddy/wp-content/plugins/woocommerce/includes/admin/meta-boxes/class-wc-meta-box-product-data.php v vrstici 154

2023-10-09T16:55:59+00:00 CRITICAL Uncaught Error: Call to a member function get_variation() on array in /Users/marcel/Sites/adventure-buddy/wp-content/plugins/woocommerce/includes/admin/meta-boxes/class-wc-meta-box-product-data.php:154
Stack trace:
#0 [internal function]: WC_Meta_Box_Product_Data::filter_variation_attributes(Array)
#1 /Users/marcel/Sites/adventure-buddy/wp-content/plugins/woocommerce/includes/admin/meta-boxes/class-wc-meta-box-product-data.php(174): array_filter(Array, Array)
#2 /Users/marcel/Sites/adventure-buddy/wp-content/plugins/woocommerce/includes/admin/meta-boxes/views/html-product-data-panel.php(53): WC_Meta_Box_Product_Data::output_variations()
#3 /Users/marcel/Sites/adventure-buddy/wp-content/plugins/woocommerce/includes/admin/meta-boxes/class-wc-meta-box-product-data.php(33): include('/Users/marcel/S...')
#4 /Users/marcel/Sites/adventure-buddy/wp-admin/includes/template.php(1443): WC_Meta_Box_Product_Data::output(Object(WP_Post), Array)
#5 /Users/marcel/Sites/adventure-buddy/wp-admin/edit-form-advanced.php(688): do_meta_boxes(Object(WP_Screen), 'normal', Object(WP_Post))
#6 /Users/marcel/Sites/adventure-buddy/wp-admin/post.php(206): require('/Users/marcel/S...')
#7 {main}
  thrown v /Users/marcel/Sites/adventure-buddy/wp-content/plugins/woocommerce/includes/admin/meta-boxes/class-wc-meta-box-product-data.php v vrstici 154

2023-10-09T16:57:17+00:00 CRITICAL Uncaught Error: Call to a member function get_variation() on array in /Users/marcel/Sites/adventure-buddy/wp-content/plugins/woocommerce/includes/admin/meta-boxes/class-wc-meta-box-product-data.php:154
Stack trace:
#0 [internal function]: WC_Meta_Box_Product_Data::filter_variation_attributes(Array)
#1 /Users/marcel/Sites/adventure-buddy/wp-content/plugins/woocommerce/includes/admin/meta-boxes/class-wc-meta-box-product-data.php(174): array_filter(Array, Array)
#2 /Users/marcel/Sites/adventure-buddy/wp-content/plugins/woocommerce/includes/admin/meta-boxes/views/html-product-data-panel.php(53): WC_Meta_Box_Product_Data::output_variations()
#3 /Users/marcel/Sites/adventure-buddy/wp-content/plugins/woocommerce/includes/admin/meta-boxes/class-wc-meta-box-product-data.php(33): include('/Users/marcel/S...')
#4 /Users/marcel/Sites/adventure-buddy/wp-admin/includes/template.php(1443): WC_Meta_Box_Product_Data::output(Object(WP_Post), Array)
#5 /Users/marcel/Sites/adventure-buddy/wp-admin/edit-form-advanced.php(688): do_meta_boxes(Object(WP_Screen), 'normal', Object(WP_Post))
#6 /Users/marcel/Sites/adventure-buddy/wp-admin/post.php(206): require('/Users/marcel/S...')
#7 {main}
  thrown v /Users/marcel/Sites/adventure-buddy/wp-content/plugins/woocommerce/includes/admin/meta-boxes/class-wc-meta-box-product-data.php v vrstici 154

2023-10-09T17:02:58+00:00 CRITICAL syntax error, unexpected token "," v /Users/marcel/Sites/adventure-buddy/wp-content/themes/bridge-child/functions.php v vrstici 79

2023-10-09T17:06:21+00:00 CRITICAL Uncaught TypeError: Unsupported operand types: string + int in /Users/marcel/Sites/adventure-buddy/wp-content/themes/bridge-child/functions.php:79
Stack trace:
#0 /Users/marcel/Sites/adventure-buddy/wp-includes/class-wp-hook.php(312): create_bookable_product_after_user_register(5)
#1 /Users/marcel/Sites/adventure-buddy/wp-includes/class-wp-hook.php(334): WP_Hook->apply_filters(NULL, Array)
#2 /Users/marcel/Sites/adventure-buddy/wp-includes/plugin.php(517): WP_Hook->do_action(Array)
#3 /Users/marcel/Sites/adventure-buddy/wp-includes/user.php(2497): do_action('user_register', 5, Array)
#4 /Users/marcel/Sites/adventure-buddy/wp-includes/user.php(2780): wp_insert_user(Array)
#5 /Users/marcel/Sites/adventure-buddy/wp-content/plugins/registrationmagic-premium/services/class_rm_front_form_service_addon.php(92): wp_create_user('mg20221', 'tanglwood1', 'marcel.golob292...')
#6 /Users/marcel/Sites/adventure-buddy/wp-content/plugins/custom-registration-form-builder-with-submission-manager/services/class_rm_front_form_service.php(239): RM_Front_Form_Service_Addon->register_user('mg20221', 'marcel.golob292...', 'tanglwood1', '4', Object(RM_Front_Form_Service), true, 'default')
#7 /Users/marcel/Sites/adventure-buddy/wp-content/plugins/registrationmagic-premium/public/models/class_rm_frontend_form_reg_addon.php(106): RM_Front_Form_Service->register_user('mg20221', 'marcel.golob292...', 'tanglwood1', '4', true, 'default')
#8 /Users/marcel/Sites/adventure-buddy/wp-content/plugins/custom-registration-form-builder-with-submission-manager/public/models/class_rm_frontend_form_reg.php(109): RM_Frontend_Form_Reg_Addon->post_sub_proc(Array, Array, Object(RM_Frontend_Form_Reg))
#9 /Users/marcel/Sites/adventure-buddy/wp-content/plugins/registrationmagic-premium/public/controllers/class_rm_front_form_controller_addon.php(255): RM_Frontend_Form_Reg->post_sub_proc(Array, Array)
#10 /Users/marcel/Sites/adventure-buddy/wp-content/plugins/custom-registration-form-builder-with-submission-manager/public/controllers/class_rm_front_form_controller.php(39): RM_Front_Form_Controller_Addon->process(Object(RM_Fields), Object(RM_Front_Form_Service), Object(RM_Request), Array, Object(RM_Front_Form_Controller))
#11 /Users/marcel/Sites/adventure-buddy/wp-content/plugins/custom-registration-form-builder-with-submission-manager/includes/class_rm_main_controller.php(136): RM_Front_Form_Controller->process(Object(RM_Fields), Object(RM_Front_Form_Service), Object(RM_Request), Array)
#12 /Users/marcel/Sites/adventure-buddy/wp-content/plugins/registrationmagic-premium/public/class_rm_public_addon.php(167): RM_Main_Controller->run()
#13 /Users/marcel/Sites/adventure-buddy/wp-content/plugins/custom-registration-form-builder-with-submission-manager/public/class_rm_public.php(310): RM_Public_Addon->rm_user_form_render(Array, Object(RM_Public))
#14 /Users/marcel/Sites/adventure-buddy/wp-includes/shortcodes.php(395): RM_Public->rm_user_form_render(Array, '', 'RM_Form')
#15 [internal function]: do_shortcode_tag(Array)
#16 /Users/marcel/Sites/adventure-buddy/wp-includes/shortcodes.php(235): preg_replace_callback('/\\[(\\[?)(RM_For...', 'do_shortcode_ta...', '[RM_Form id='4'...')
#17 /Users/marcel/Sites/adventure-buddy/wp-content/plugins/elementor/includes/widgets/shortcode.php(130): do_shortcode('[RM_Form id='4'...')
#18 /Users/marcel/Sites/adventure-buddy/wp-content/plugins/elementor/includes/base/controls-stack.php(2268): Elementor\Widget_Shortcode->render()
#19 /Users/marcel/Sites/adventure-buddy/wp-content/plugins/elementor/includes/base/widget-base.php(609): Elementor\Controls_Stack->render_by_mode()
#20 /Users/marcel/Sites/adventure-buddy/wp-content/plugins/elementor/includes/base/widget-base.php(750): Elementor\Widget_Base->render_content()
#21 /Users/marcel/Sites/adventure-buddy/wp-content/plugins/elementor/includes/base/element-base.php(449): Elementor\Widget_Base->print_content()
#22 /Users/marcel/Sites/adventure-buddy/wp-content/plugins/elementor/includes/base/element-base.php(1354): Elementor\Element_Base->print_element()
#23 /Users/marcel/Sites/adventure-buddy/wp-content/plugins/elementor/includes/base/element-base.php(449): Elementor\Element_Base->print_content()
#24 /Users/marcel/Sites/adventure-buddy/wp-content/plugins/elementor/includes/base/element-base.php(1354): Elementor\Element_Base->print_element()
#25 /Users/marcel/Sites/adventure-buddy/wp-content/plugins/elementor/includes/base/element-base.php(449): Elementor\Element_Base->print_content()
#26 /Users/marcel/Sites/adventure-buddy/wp-content/plugins/elementor/core/base/document.php(1711): Elementor\Element_Base->print_element()
#27 /Users/marcel/Sites/adventure-buddy/wp-content/plugins/elementor/core/base/document.php(1106): Elementor\Core\Base\Document->print_elements(Array)
#28 /Users/marcel/Sites/adventure-buddy/wp-content/plugins/elementor/includes/frontend.php(1179): Elementor\Core\Base\Document->print_elements_with_wrapper(Array)
#29 /Users/marcel/Sites/adventure-buddy/wp-content/plugins/elementor/includes/frontend.php(1074): Elementor\Frontend->get_builder_content(586)
#30 /Users/marcel/Sites/adventure-buddy/wp-includes/class-wp-hook.php(310): Elementor\Frontend->apply_builder_in_content('[RM_Form id='4'...')
#31 /Users/marcel/Sites/adventure-buddy/wp-includes/plugin.php(205): WP_Hook->apply_filters('[RM_Form id='4'...', Array)
#32 /Users/marcel/Sites/adventure-buddy/wp-includes/post-template.php(256): apply_filters('the_content', '[RM_Form id='4'...')
#33 /Users/marcel/Sites/adventure-buddy/wp-content/themes/bridge/page.php(52): the_content()
#34 /Users/marcel/Sites/adventure-buddy/wp-includes/template-loader.php(106): include('/Users/marcel/S...')
#35 /Users/marcel/Sites/adventure-buddy/wp-blog-header.php(19): require_once('/Users/marcel/S...')
#36 /Users/marcel/Sites/adventure-buddy/index.php(17): require('/Users/marcel/S...')
#37 {main}
  thrown v /Users/marcel/Sites/adventure-buddy/wp-content/themes/bridge-child/functions.php v vrstici 79

2023-10-09T17:09:36+00:00 CRITICAL Uncaught TypeError: Unsupported operand types: string + int in /Users/marcel/Sites/adventure-buddy/wp-content/themes/bridge-child/functions.php:79
Stack trace:
#0 /Users/marcel/Sites/adventure-buddy/wp-includes/class-wp-hook.php(312): create_bookable_product_after_user_register(6)
#1 /Users/marcel/Sites/adventure-buddy/wp-includes/class-wp-hook.php(334): WP_Hook->apply_filters(NULL, Array)
#2 /Users/marcel/Sites/adventure-buddy/wp-includes/plugin.php(517): WP_Hook->do_action(Array)
#3 /Users/marcel/Sites/adventure-buddy/wp-includes/user.php(2497): do_action('user_register', 6, Array)
#4 /Users/marcel/Sites/adventure-buddy/wp-includes/user.php(2780): wp_insert_user(Array)
#5 /Users/marcel/Sites/adventure-buddy/wp-content/plugins/registrationmagic-premium/services/class_rm_front_form_service_addon.php(92): wp_create_user('mg19292', 'tanglwood1', 'marcel.golob222...')
#6 /Users/marcel/Sites/adventure-buddy/wp-content/plugins/custom-registration-form-builder-with-submission-manager/services/class_rm_front_form_service.php(239): RM_Front_Form_Service_Addon->register_user('mg19292', 'marcel.golob222...', 'tanglwood1', '4', Object(RM_Front_Form_Service), true, 'default')
#7 /Users/marcel/Sites/adventure-buddy/wp-content/plugins/registrationmagic-premium/public/models/class_rm_frontend_form_reg_addon.php(106): RM_Front_Form_Service->register_user('mg19292', 'marcel.golob222...', 'tanglwood1', '4', true, 'default')
#8 /Users/marcel/Sites/adventure-buddy/wp-content/plugins/custom-registration-form-builder-with-submission-manager/public/models/class_rm_frontend_form_reg.php(109): RM_Frontend_Form_Reg_Addon->post_sub_proc(Array, Array, Object(RM_Frontend_Form_Reg))
#9 /Users/marcel/Sites/adventure-buddy/wp-content/plugins/registrationmagic-premium/public/controllers/class_rm_front_form_controller_addon.php(255): RM_Frontend_Form_Reg->post_sub_proc(Array, Array)
#10 /Users/marcel/Sites/adventure-buddy/wp-content/plugins/custom-registration-form-builder-with-submission-manager/public/controllers/class_rm_front_form_controller.php(39): RM_Front_Form_Controller_Addon->process(Object(RM_Fields), Object(RM_Front_Form_Service), Object(RM_Request), Array, Object(RM_Front_Form_Controller))
#11 /Users/marcel/Sites/adventure-buddy/wp-content/plugins/custom-registration-form-builder-with-submission-manager/includes/class_rm_main_controller.php(136): RM_Front_Form_Controller->process(Object(RM_Fields), Object(RM_Front_Form_Service), Object(RM_Request), Array)
#12 /Users/marcel/Sites/adventure-buddy/wp-content/plugins/registrationmagic-premium/public/class_rm_public_addon.php(167): RM_Main_Controller->run()
#13 /Users/marcel/Sites/adventure-buddy/wp-content/plugins/custom-registration-form-builder-with-submission-manager/public/class_rm_public.php(310): RM_Public_Addon->rm_user_form_render(Array, Object(RM_Public))
#14 /Users/marcel/Sites/adventure-buddy/wp-includes/shortcodes.php(395): RM_Public->rm_user_form_render(Array, '', 'RM_Form')
#15 [internal function]: do_shortcode_tag(Array)
#16 /Users/marcel/Sites/adventure-buddy/wp-includes/shortcodes.php(235): preg_replace_callback('/\\[(\\[?)(RM_For...', 'do_shortcode_ta...', '[RM_Form id='4'...')
#17 /Users/marcel/Sites/adventure-buddy/wp-content/plugins/elementor/includes/widgets/shortcode.php(130): do_shortcode('[RM_Form id='4'...')
#18 /Users/marcel/Sites/adventure-buddy/wp-content/plugins/elementor/includes/base/controls-stack.php(2268): Elementor\Widget_Shortcode->render()
#19 /Users/marcel/Sites/adventure-buddy/wp-content/plugins/elementor/includes/base/widget-base.php(609): Elementor\Controls_Stack->render_by_mode()
#20 /Users/marcel/Sites/adventure-buddy/wp-content/plugins/elementor/includes/base/widget-base.php(750): Elementor\Widget_Base->render_content()
#21 /Users/marcel/Sites/adventure-buddy/wp-content/plugins/elementor/includes/base/element-base.php(449): Elementor\Widget_Base->print_content()
#22 /Users/marcel/Sites/adventure-buddy/wp-content/plugins/elementor/includes/base/element-base.php(1354): Elementor\Element_Base->print_element()
#23 /Users/marcel/Sites/adventure-buddy/wp-content/plugins/elementor/includes/base/element-base.php(449): Elementor\Element_Base->print_content()
#24 /Users/marcel/Sites/adventure-buddy/wp-content/plugins/elementor/includes/base/element-base.php(1354): Elementor\Element_Base->print_element()
#25 /Users/marcel/Sites/adventure-buddy/wp-content/plugins/elementor/includes/base/element-base.php(449): Elementor\Element_Base->print_content()
#26 /Users/marcel/Sites/adventure-buddy/wp-content/plugins/elementor/core/base/document.php(1711): Elementor\Element_Base->print_element()
#27 /Users/marcel/Sites/adventure-buddy/wp-content/plugins/elementor/core/base/document.php(1106): Elementor\Core\Base\Document->print_elements(Array)
#28 /Users/marcel/Sites/adventure-buddy/wp-content/plugins/elementor/includes/frontend.php(1179): Elementor\Core\Base\Document->print_elements_with_wrapper(Array)
#29 /Users/marcel/Sites/adventure-buddy/wp-content/plugins/elementor/includes/frontend.php(1074): Elementor\Frontend->get_builder_content(586)
#30 /Users/marcel/Sites/adventure-buddy/wp-includes/class-wp-hook.php(310): Elementor\Frontend->apply_builder_in_content('[RM_Form id='4'...')
#31 /Users/marcel/Sites/adventure-buddy/wp-includes/plugin.php(205): WP_Hook->apply_filters('[RM_Form id='4'...', Array)
#32 /Users/marcel/Sites/adventure-buddy/wp-includes/post-template.php(256): apply_filters('the_content', '[RM_Form id='4'...')
#33 /Users/marcel/Sites/adventure-buddy/wp-content/themes/bridge/page.php(52): the_content()
#34 /Users/marcel/Sites/adventure-buddy/wp-includes/template-loader.php(106): include('/Users/marcel/S...')
#35 /Users/marcel/Sites/adventure-buddy/wp-blog-header.php(19): require_once('/Users/marcel/S...')
#36 /Users/marcel/Sites/adventure-buddy/index.php(17): require('/Users/marcel/S...')
#37 {main}
  thrown v /Users/marcel/Sites/adventure-buddy/wp-content/themes/bridge-child/functions.php v vrstici 79

2023-10-09T17:11:46+00:00 CRITICAL Uncaught TypeError: Unsupported operand types: string + string in /Users/marcel/Sites/adventure-buddy/wp-content/themes/bridge-child/functions.php:209
Stack trace:
#0 /Users/marcel/Sites/adventure-buddy/wp-content/themes/bridge-child/functions.php(260): create_booking_resource('')
#1 /Users/marcel/Sites/adventure-buddy/wp-content/themes/bridge-child/functions.php(283): create_and_set_availability('')
#2 /Users/marcel/Sites/adventure-buddy/wp-includes/class-wp-hook.php(312): save_registration_data_to_custom_post('4')
#3 /Users/marcel/Sites/adventure-buddy/wp-includes/class-wp-hook.php(334): WP_Hook->apply_filters('', Array)
#4 /Users/marcel/Sites/adventure-buddy/wp-includes/plugin.php(517): WP_Hook->do_action(Array)
#5 /Users/marcel/Sites/adventure-buddy/wp-content/plugins/registrationmagic-premium/public/controllers/class_rm_front_form_controller_addon.php(277): do_action('rm_submission_c...', '4', Array, Array)
#6 /Users/marcel/Sites/adventure-buddy/wp-content/plugins/custom-registration-form-builder-with-submission-manager/public/controllers/class_rm_front_form_controller.php(39): RM_Front_Form_Controller_Addon->process(Object(RM_Fields), Object(RM_Front_Form_Service), Object(RM_Request), Array, Object(RM_Front_Form_Controller))
#7 /Users/marcel/Sites/adventure-buddy/wp-content/plugins/custom-registration-form-builder-with-submission-manager/includes/class_rm_main_controller.php(136): RM_Front_Form_Controller->process(Object(RM_Fields), Object(RM_Front_Form_Service), Object(RM_Request), Array)
#8 /Users/marcel/Sites/adventure-buddy/wp-content/plugins/registrationmagic-premium/public/class_rm_public_addon.php(167): RM_Main_Controller->run()
#9 /Users/marcel/Sites/adventure-buddy/wp-content/plugins/custom-registration-form-builder-with-submission-manager/public/class_rm_public.php(310): RM_Public_Addon->rm_user_form_render(Array, Object(RM_Public))
#10 /Users/marcel/Sites/adventure-buddy/wp-includes/shortcodes.php(395): RM_Public->rm_user_form_render(Array, '', 'RM_Form')
#11 [internal function]: do_shortcode_tag(Array)
#12 /Users/marcel/Sites/adventure-buddy/wp-includes/shortcodes.php(235): preg_replace_callback('/\\[(\\[?)(RM_For...', 'do_shortcode_ta...', '[RM_Form id='4'...')
#13 /Users/marcel/Sites/adventure-buddy/wp-content/plugins/elementor/includes/widgets/shortcode.php(130): do_shortcode('[RM_Form id='4'...')
#14 /Users/marcel/Sites/adventure-buddy/wp-content/plugins/elementor/includes/base/controls-stack.php(2268): Elementor\Widget_Shortcode->render()
#15 /Users/marcel/Sites/adventure-buddy/wp-content/plugins/elementor/includes/base/widget-base.php(609): Elementor\Controls_Stack->render_by_mode()
#16 /Users/marcel/Sites/adventure-buddy/wp-content/plugins/elementor/includes/base/widget-base.php(750): Elementor\Widget_Base->render_content()
#17 /Users/marcel/Sites/adventure-buddy/wp-content/plugins/elementor/includes/base/element-base.php(449): Elementor\Widget_Base->print_content()
#18 /Users/marcel/Sites/adventure-buddy/wp-content/plugins/elementor/includes/base/element-base.php(1354): Elementor\Element_Base->print_element()
#19 /Users/marcel/Sites/adventure-buddy/wp-content/plugins/elementor/includes/base/element-base.php(449): Elementor\Element_Base->print_content()
#20 /Users/marcel/Sites/adventure-buddy/wp-content/plugins/elementor/includes/base/element-base.php(1354): Elementor\Element_Base->print_element()
#21 /Users/marcel/Sites/adventure-buddy/wp-content/plugins/elementor/includes/base/element-base.php(449): Elementor\Element_Base->print_content()
#22 /Users/marcel/Sites/adventure-buddy/wp-content/plugins/elementor/core/base/document.php(1711): Elementor\Element_Base->print_element()
#23 /Users/marcel/Sites/adventure-buddy/wp-content/plugins/elementor/core/base/document.php(1106): Elementor\Core\Base\Document->print_elements(Array)
#24 /Users/marcel/Sites/adventure-buddy/wp-content/plugins/elementor/includes/frontend.php(1179): Elementor\Core\Base\Document->print_elements_with_wrapper(Array)
#25 /Users/marcel/Sites/adventure-buddy/wp-content/plugins/elementor/includes/frontend.php(1074): Elementor\Frontend->get_builder_content(586)
#26 /Users/marcel/Sites/adventure-buddy/wp-includes/class-wp-hook.php(310): Elementor\Frontend->apply_builder_in_content('[RM_Form id='4'...')
#27 /Users/marcel/Sites/adventure-buddy/wp-includes/plugin.php(205): WP_Hook->apply_filters('[RM_Form id='4'...', Array)
#28 /Users/marcel/Sites/adventure-buddy/wp-includes/post-template.php(256): apply_filters('the_content', '[RM_Form id='4'...')
#29 /Users/marcel/Sites/adventure-buddy/wp-content/themes/bridge/page.php(52): the_content()
#30 /Users/marcel/Sites/adventure-buddy/wp-includes/template-loader.php(106): include('/Users/marcel/S...')
#31 /Users/marcel/Sites/adventure-buddy/wp-blog-header.php(19): require_once('/Users/marcel/S...')
#32 /Users/marcel/Sites/adventure-buddy/index.php(17): require('/Users/marcel/S...')
#33 {main}
  thrown v /Users/marcel/Sites/adventure-buddy/wp-content/themes/bridge-child/functions.php v vrstici 209

2023-10-09T17:18:40+00:00 CRITICAL Uncaught TypeError: Unsupported operand types: string + string in /Users/marcel/Sites/adventure-buddy/wp-content/themes/bridge-child/functions.php:209
Stack trace:
#0 /Users/marcel/Sites/adventure-buddy/wp-content/themes/bridge-child/functions.php(260): create_booking_resource('')
#1 /Users/marcel/Sites/adventure-buddy/wp-content/themes/bridge-child/functions.php(283): create_and_set_availability('')
#2 /Users/marcel/Sites/adventure-buddy/wp-includes/class-wp-hook.php(312): save_registration_data_to_custom_post('2')
#3 /Users/marcel/Sites/adventure-buddy/wp-includes/class-wp-hook.php(334): WP_Hook->apply_filters('', Array)
#4 /Users/marcel/Sites/adventure-buddy/wp-includes/plugin.php(517): WP_Hook->do_action(Array)
#5 /Users/marcel/Sites/adventure-buddy/wp-content/plugins/registrationmagic-premium/public/controllers/class_rm_front_form_controller_addon.php(277): do_action('rm_submission_c...', '2', 1, Array)
#6 /Users/marcel/Sites/adventure-buddy/wp-content/plugins/custom-registration-form-builder-with-submission-manager/public/controllers/class_rm_front_form_controller.php(39): RM_Front_Form_Controller_Addon->process(Object(RM_Fields), Object(RM_Front_Form_Service), Object(RM_Request), Array, Object(RM_Front_Form_Controller))
#7 /Users/marcel/Sites/adventure-buddy/wp-content/plugins/custom-registration-form-builder-with-submission-manager/includes/class_rm_main_controller.php(136): RM_Front_Form_Controller->process(Object(RM_Fields), Object(RM_Front_Form_Service), Object(RM_Request), Array)
#8 /Users/marcel/Sites/adventure-buddy/wp-content/plugins/registrationmagic-premium/public/class_rm_public_addon.php(167): RM_Main_Controller->run()
#9 /Users/marcel/Sites/adventure-buddy/wp-content/plugins/custom-registration-form-builder-with-submission-manager/public/class_rm_public.php(310): RM_Public_Addon->rm_user_form_render(Array, Object(RM_Public))
#10 /Users/marcel/Sites/adventure-buddy/wp-includes/shortcodes.php(395): RM_Public->rm_user_form_render(Array, '', 'RM_Form')
#11 [internal function]: do_shortcode_tag(Array)
#12 /Users/marcel/Sites/adventure-buddy/wp-includes/shortcodes.php(235): preg_replace_callback('/\\[(\\[?)(RM_For...', 'do_shortcode_ta...', '[RM_Form id='2'...')
#13 /Users/marcel/Sites/adventure-buddy/wp-content/plugins/elementor/includes/widgets/shortcode.php(130): do_shortcode('[RM_Form id='2'...')
#14 /Users/marcel/Sites/adventure-buddy/wp-content/plugins/elementor/includes/base/controls-stack.php(2268): Elementor\Widget_Shortcode->render()
#15 /Users/marcel/Sites/adventure-buddy/wp-content/plugins/elementor/includes/base/widget-base.php(609): Elementor\Controls_Stack->render_by_mode()
#16 /Users/marcel/Sites/adventure-buddy/wp-content/plugins/elementor/includes/base/widget-base.php(750): Elementor\Widget_Base->render_content()
#17 /Users/marcel/Sites/adventure-buddy/wp-content/plugins/elementor/includes/base/element-base.php(449): Elementor\Widget_Base->print_content()
#18 /Users/marcel/Sites/adventure-buddy/wp-content/plugins/elementor/includes/base/element-base.php(1354): Elementor\Element_Base->print_element()
#19 /Users/marcel/Sites/adventure-buddy/wp-content/plugins/elementor/includes/base/element-base.php(449): Elementor\Element_Base->print_content()
#20 /Users/marcel/Sites/adventure-buddy/wp-content/plugins/elementor/includes/base/element-base.php(1354): Elementor\Element_Base->print_element()
#21 /Users/marcel/Sites/adventure-buddy/wp-content/plugins/elementor/includes/base/element-base.php(449): Elementor\Element_Base->print_content()
#22 /Users/marcel/Sites/adventure-buddy/wp-content/plugins/elementor/core/base/document.php(1711): Elementor\Element_Base->print_element()
#23 /Users/marcel/Sites/adventure-buddy/wp-content/plugins/elementor/core/base/document.php(1106): Elementor\Core\Base\Document->print_elements(Array)
#24 /Users/marcel/Sites/adventure-buddy/wp-content/plugins/elementor/includes/frontend.php(1179): Elementor\Core\Base\Document->print_elements_with_wrapper(Array)
#25 /Users/marcel/Sites/adventure-buddy/wp-content/plugins/elementor/includes/frontend.php(1074): Elementor\Frontend->get_builder_content(884)
#26 /Users/marcel/Sites/adventure-buddy/wp-includes/class-wp-hook.php(310): Elementor\Frontend->apply_builder_in_content('[RM_Form id='2'...')
#27 /Users/marcel/Sites/adventure-buddy/wp-includes/plugin.php(205): WP_Hook->apply_filters('[RM_Form id='2'...', Array)
#28 /Users/marcel/Sites/adventure-buddy/wp-includes/post-template.php(256): apply_filters('the_content', '[RM_Form id='2'...')
#29 /Users/marcel/Sites/adventure-buddy/wp-content/themes/bridge/page.php(52): the_content()
#30 /Users/marcel/Sites/adventure-buddy/wp-includes/template-loader.php(106): include('/Users/marcel/S...')
#31 /Users/marcel/Sites/adventure-buddy/wp-blog-header.php(19): require_once('/Users/marcel/S...')
#32 /Users/marcel/Sites/adventure-buddy/index.php(17): require('/Users/marcel/S...')
#33 {main}
  thrown v /Users/marcel/Sites/adventure-buddy/wp-content/themes/bridge-child/functions.php v vrstici 209

2023-10-09T17:19:38+00:00 CRITICAL Uncaught TypeError: Unsupported operand types: string + string in /Users/marcel/Sites/adventure-buddy/wp-content/themes/bridge-child/functions.php:209
Stack trace:
#0 /Users/marcel/Sites/adventure-buddy/wp-content/themes/bridge-child/functions.php(260): create_booking_resource('')
#1 /Users/marcel/Sites/adventure-buddy/wp-content/themes/bridge-child/functions.php(283): create_and_set_availability('')
#2 /Users/marcel/Sites/adventure-buddy/wp-includes/class-wp-hook.php(312): save_registration_data_to_custom_post('2')
#3 /Users/marcel/Sites/adventure-buddy/wp-includes/class-wp-hook.php(334): WP_Hook->apply_filters('', Array)
#4 /Users/marcel/Sites/adventure-buddy/wp-includes/plugin.php(517): WP_Hook->do_action(Array)
#5 /Users/marcel/Sites/adventure-buddy/wp-content/plugins/registrationmagic-premium/public/controllers/class_rm_front_form_controller_addon.php(277): do_action('rm_submission_c...', '2', 1, Array)
#6 /Users/marcel/Sites/adventure-buddy/wp-content/plugins/custom-registration-form-builder-with-submission-manager/public/controllers/class_rm_front_form_controller.php(39): RM_Front_Form_Controller_Addon->process(Object(RM_Fields), Object(RM_Front_Form_Service), Object(RM_Request), Array, Object(RM_Front_Form_Controller))
#7 /Users/marcel/Sites/adventure-buddy/wp-content/plugins/custom-registration-form-builder-with-submission-manager/includes/class_rm_main_controller.php(136): RM_Front_Form_Controller->process(Object(RM_Fields), Object(RM_Front_Form_Service), Object(RM_Request), Array)
#8 /Users/marcel/Sites/adventure-buddy/wp-content/plugins/registrationmagic-premium/public/class_rm_public_addon.php(167): RM_Main_Controller->run()
#9 /Users/marcel/Sites/adventure-buddy/wp-content/plugins/custom-registration-form-builder-with-submission-manager/public/class_rm_public.php(310): RM_Public_Addon->rm_user_form_render(Array, Object(RM_Public))
#10 /Users/marcel/Sites/adventure-buddy/wp-includes/shortcodes.php(395): RM_Public->rm_user_form_render(Array, '', 'RM_Form')
#11 [internal function]: do_shortcode_tag(Array)
#12 /Users/marcel/Sites/adventure-buddy/wp-includes/shortcodes.php(235): preg_replace_callback('/\\[(\\[?)(RM_For...', 'do_shortcode_ta...', '[RM_Form id='2'...')
#13 /Users/marcel/Sites/adventure-buddy/wp-content/plugins/elementor/includes/widgets/shortcode.php(130): do_shortcode('[RM_Form id='2'...')
#14 /Users/marcel/Sites/adventure-buddy/wp-content/plugins/elementor/includes/base/controls-stack.php(2268): Elementor\Widget_Shortcode->render()
#15 /Users/marcel/Sites/adventure-buddy/wp-content/plugins/elementor/includes/base/widget-base.php(609): Elementor\Controls_Stack->render_by_mode()
#16 /Users/marcel/Sites/adventure-buddy/wp-content/plugins/elementor/includes/base/widget-base.php(750): Elementor\Widget_Base->render_content()
#17 /Users/marcel/Sites/adventure-buddy/wp-content/plugins/elementor/includes/base/element-base.php(449): Elementor\Widget_Base->print_content()
#18 /Users/marcel/Sites/adventure-buddy/wp-content/plugins/elementor/includes/base/element-base.php(1354): Elementor\Element_Base->print_element()
#19 /Users/marcel/Sites/adventure-buddy/wp-content/plugins/elementor/includes/base/element-base.php(449): Elementor\Element_Base->print_content()
#20 /Users/marcel/Sites/adventure-buddy/wp-content/plugins/elementor/includes/base/element-base.php(1354): Elementor\Element_Base->print_element()
#21 /Users/marcel/Sites/adventure-buddy/wp-content/plugins/elementor/includes/base/element-base.php(449): Elementor\Element_Base->print_content()
#22 /Users/marcel/Sites/adventure-buddy/wp-content/plugins/elementor/core/base/document.php(1711): Elementor\Element_Base->print_element()
#23 /Users/marcel/Sites/adventure-buddy/wp-content/plugins/elementor/core/base/document.php(1106): Elementor\Core\Base\Document->print_elements(Array)
#24 /Users/marcel/Sites/adventure-buddy/wp-content/plugins/elementor/includes/frontend.php(1179): Elementor\Core\Base\Document->print_elements_with_wrapper(Array)
#25 /Users/marcel/Sites/adventure-buddy/wp-content/plugins/elementor/includes/frontend.php(1074): Elementor\Frontend->get_builder_content(884)
#26 /Users/marcel/Sites/adventure-buddy/wp-includes/class-wp-hook.php(310): Elementor\Frontend->apply_builder_in_content('[RM_Form id='2'...')
#27 /Users/marcel/Sites/adventure-buddy/wp-includes/plugin.php(205): WP_Hook->apply_filters('[RM_Form id='2'...', Array)
#28 /Users/marcel/Sites/adventure-buddy/wp-includes/post-template.php(256): apply_filters('the_content', '[RM_Form id='2'...')
#29 /Users/marcel/Sites/adventure-buddy/wp-content/themes/bridge/page.php(52): the_content()
#30 /Users/marcel/Sites/adventure-buddy/wp-includes/template-loader.php(106): include('/Users/marcel/S...')
#31 /Users/marcel/Sites/adventure-buddy/wp-blog-header.php(19): require_once('/Users/marcel/S...')
#32 /Users/marcel/Sites/adventure-buddy/index.php(17): require('/Users/marcel/S...')
#33 {main}
  thrown v /Users/marcel/Sites/adventure-buddy/wp-content/themes/bridge-child/functions.php v vrstici 209

2023-10-09T17:23:42+00:00 CRITICAL Uncaught TypeError: Unsupported operand types: string + string in /Users/marcel/Sites/adventure-buddy/wp-content/themes/bridge-child/functions.php:209
Stack trace:
#0 /Users/marcel/Sites/adventure-buddy/wp-content/themes/bridge-child/functions.php(260): create_booking_resource('')
#1 /Users/marcel/Sites/adventure-buddy/wp-content/themes/bridge-child/functions.php(283): create_and_set_availability('')
#2 /Users/marcel/Sites/adventure-buddy/wp-includes/class-wp-hook.php(312): save_registration_data_to_custom_post('2')
#3 /Users/marcel/Sites/adventure-buddy/wp-includes/class-wp-hook.php(334): WP_Hook->apply_filters('', Array)
#4 /Users/marcel/Sites/adventure-buddy/wp-includes/plugin.php(517): WP_Hook->do_action(Array)
#5 /Users/marcel/Sites/adventure-buddy/wp-content/plugins/registrationmagic-premium/public/controllers/class_rm_front_form_controller_addon.php(277): do_action('rm_submission_c...', '2', Array, Array)
#6 /Users/marcel/Sites/adventure-buddy/wp-content/plugins/custom-registration-form-builder-with-submission-manager/public/controllers/class_rm_front_form_controller.php(39): RM_Front_Form_Controller_Addon->process(Object(RM_Fields), Object(RM_Front_Form_Service), Object(RM_Request), Array, Object(RM_Front_Form_Controller))
#7 /Users/marcel/Sites/adventure-buddy/wp-content/plugins/custom-registration-form-builder-with-submission-manager/includes/class_rm_main_controller.php(136): RM_Front_Form_Controller->process(Object(RM_Fields), Object(RM_Front_Form_Service), Object(RM_Request), Array)
#8 /Users/marcel/Sites/adventure-buddy/wp-content/plugins/registrationmagic-premium/public/class_rm_public_addon.php(167): RM_Main_Controller->run()
#9 /Users/marcel/Sites/adventure-buddy/wp-content/plugins/custom-registration-form-builder-with-submission-manager/public/class_rm_public.php(310): RM_Public_Addon->rm_user_form_render(Array, Object(RM_Public))
#10 /Users/marcel/Sites/adventure-buddy/wp-includes/shortcodes.php(395): RM_Public->rm_user_form_render(Array, '', 'RM_Form')
#11 [internal function]: do_shortcode_tag(Array)
#12 /Users/marcel/Sites/adventure-buddy/wp-includes/shortcodes.php(235): preg_replace_callback('/\\[(\\[?)(RM_For...', 'do_shortcode_ta...', '[RM_Form id='2'...')
#13 /Users/marcel/Sites/adventure-buddy/wp-content/plugins/elementor/includes/widgets/shortcode.php(130): do_shortcode('[RM_Form id='2'...')
#14 /Users/marcel/Sites/adventure-buddy/wp-content/plugins/elementor/includes/base/controls-stack.php(2268): Elementor\Widget_Shortcode->render()
#15 /Users/marcel/Sites/adventure-buddy/wp-content/plugins/elementor/includes/base/widget-base.php(609): Elementor\Controls_Stack->render_by_mode()
#16 /Users/marcel/Sites/adventure-buddy/wp-content/plugins/elementor/includes/base/widget-base.php(750): Elementor\Widget_Base->render_content()
#17 /Users/marcel/Sites/adventure-buddy/wp-content/plugins/elementor/includes/base/element-base.php(449): Elementor\Widget_Base->print_content()
#18 /Users/marcel/Sites/adventure-buddy/wp-content/plugins/elementor/includes/base/element-base.php(1354): Elementor\Element_Base->print_element()
#19 /Users/marcel/Sites/adventure-buddy/wp-content/plugins/elementor/includes/base/element-base.php(449): Elementor\Element_Base->print_content()
#20 /Users/marcel/Sites/adventure-buddy/wp-content/plugins/elementor/includes/base/element-base.php(1354): Elementor\Element_Base->print_element()
#21 /Users/marcel/Sites/adventure-buddy/wp-content/plugins/elementor/includes/base/element-base.php(449): Elementor\Element_Base->print_content()
#22 /Users/marcel/Sites/adventure-buddy/wp-content/plugins/elementor/core/base/document.php(1711): Elementor\Element_Base->print_element()
#23 /Users/marcel/Sites/adventure-buddy/wp-content/plugins/elementor/core/base/document.php(1106): Elementor\Core\Base\Document->print_elements(Array)
#24 /Users/marcel/Sites/adventure-buddy/wp-content/plugins/elementor/includes/frontend.php(1179): Elementor\Core\Base\Document->print_elements_with_wrapper(Array)
#25 /Users/marcel/Sites/adventure-buddy/wp-content/plugins/elementor/includes/frontend.php(1074): Elementor\Frontend->get_builder_content(884)
#26 /Users/marcel/Sites/adventure-buddy/wp-includes/class-wp-hook.php(310): Elementor\Frontend->apply_builder_in_content('[RM_Form id='2'...')
#27 /Users/marcel/Sites/adventure-buddy/wp-includes/plugin.php(205): WP_Hook->apply_filters('[RM_Form id='2'...', Array)
#28 /Users/marcel/Sites/adventure-buddy/wp-includes/post-template.php(256): apply_filters('the_content', '[RM_Form id='2'...')
#29 /Users/marcel/Sites/adventure-buddy/wp-content/themes/bridge/page.php(52): the_content()
#30 /Users/marcel/Sites/adventure-buddy/wp-includes/template-loader.php(106): include('/Users/marcel/S...')
#31 /Users/marcel/Sites/adventure-buddy/wp-blog-header.php(19): require_once('/Users/marcel/S...')
#32 /Users/marcel/Sites/adventure-buddy/index.php(17): require('/Users/marcel/S...')
#33 {main}
  thrown v /Users/marcel/Sites/adventure-buddy/wp-content/themes/bridge-child/functions.php v vrstici 209

2023-10-09T17:25:01+00:00 CRITICAL Uncaught TypeError: Unsupported operand types: string + string in /Users/marcel/Sites/adventure-buddy/wp-content/themes/bridge-child/functions.php:209
Stack trace:
#0 /Users/marcel/Sites/adventure-buddy/wp-content/themes/bridge-child/functions.php(260): create_booking_resource('')
#1 /Users/marcel/Sites/adventure-buddy/wp-content/themes/bridge-child/functions.php(283): create_and_set_availability('')
#2 /Users/marcel/Sites/adventure-buddy/wp-includes/class-wp-hook.php(312): save_registration_data_to_custom_post('2')
#3 /Users/marcel/Sites/adventure-buddy/wp-includes/class-wp-hook.php(334): WP_Hook->apply_filters('', Array)
#4 /Users/marcel/Sites/adventure-buddy/wp-includes/plugin.php(517): WP_Hook->do_action(Array)
#5 /Users/marcel/Sites/adventure-buddy/wp-content/plugins/registrationmagic-premium/public/controllers/class_rm_front_form_controller_addon.php(277): do_action('rm_submission_c...', '2', Array, Array)
#6 /Users/marcel/Sites/adventure-buddy/wp-content/plugins/custom-registration-form-builder-with-submission-manager/public/controllers/class_rm_front_form_controller.php(39): RM_Front_Form_Controller_Addon->process(Object(RM_Fields), Object(RM_Front_Form_Service), Object(RM_Request), Array, Object(RM_Front_Form_Controller))
#7 /Users/marcel/Sites/adventure-buddy/wp-content/plugins/custom-registration-form-builder-with-submission-manager/includes/class_rm_main_controller.php(136): RM_Front_Form_Controller->process(Object(RM_Fields), Object(RM_Front_Form_Service), Object(RM_Request), Array)
#8 /Users/marcel/Sites/adventure-buddy/wp-content/plugins/registrationmagic-premium/public/class_rm_public_addon.php(167): RM_Main_Controller->run()
#9 /Users/marcel/Sites/adventure-buddy/wp-content/plugins/custom-registration-form-builder-with-submission-manager/public/class_rm_public.php(310): RM_Public_Addon->rm_user_form_render(Array, Object(RM_Public))
#10 /Users/marcel/Sites/adventure-buddy/wp-includes/shortcodes.php(395): RM_Public->rm_user_form_render(Array, '', 'RM_Form')
#11 [internal function]: do_shortcode_tag(Array)
#12 /Users/marcel/Sites/adventure-buddy/wp-includes/shortcodes.php(235): preg_replace_callback('/\\[(\\[?)(RM_For...', 'do_shortcode_ta...', '[RM_Form id='2'...')
#13 /Users/marcel/Sites/adventure-buddy/wp-content/plugins/elementor/includes/widgets/shortcode.php(130): do_shortcode('[RM_Form id='2'...')
#14 /Users/marcel/Sites/adventure-buddy/wp-content/plugins/elementor/includes/base/controls-stack.php(2268): Elementor\Widget_Shortcode->render()
#15 /Users/marcel/Sites/adventure-buddy/wp-content/plugins/elementor/includes/base/widget-base.php(609): Elementor\Controls_Stack->render_by_mode()
#16 /Users/marcel/Sites/adventure-buddy/wp-content/plugins/elementor/includes/base/widget-base.php(750): Elementor\Widget_Base->render_content()
#17 /Users/marcel/Sites/adventure-buddy/wp-content/plugins/elementor/includes/base/element-base.php(449): Elementor\Widget_Base->print_content()
#18 /Users/marcel/Sites/adventure-buddy/wp-content/plugins/elementor/includes/base/element-base.php(1354): Elementor\Element_Base->print_element()
#19 /Users/marcel/Sites/adventure-buddy/wp-content/plugins/elementor/includes/base/element-base.php(449): Elementor\Element_Base->print_content()
#20 /Users/marcel/Sites/adventure-buddy/wp-content/plugins/elementor/includes/base/element-base.php(1354): Elementor\Element_Base->print_element()
#21 /Users/marcel/Sites/adventure-buddy/wp-content/plugins/elementor/includes/base/element-base.php(449): Elementor\Element_Base->print_content()
#22 /Users/marcel/Sites/adventure-buddy/wp-content/plugins/elementor/core/base/document.php(1711): Elementor\Element_Base->print_element()
#23 /Users/marcel/Sites/adventure-buddy/wp-content/plugins/elementor/core/base/document.php(1106): Elementor\Core\Base\Document->print_elements(Array)
#24 /Users/marcel/Sites/adventure-buddy/wp-content/plugins/elementor/includes/frontend.php(1179): Elementor\Core\Base\Document->print_elements_with_wrapper(Array)
#25 /Users/marcel/Sites/adventure-buddy/wp-content/plugins/elementor/includes/frontend.php(1074): Elementor\Frontend->get_builder_content(884)
#26 /Users/marcel/Sites/adventure-buddy/wp-includes/class-wp-hook.php(310): Elementor\Frontend->apply_builder_in_content('[RM_Form id='2'...')
#27 /Users/marcel/Sites/adventure-buddy/wp-includes/plugin.php(205): WP_Hook->apply_filters('[RM_Form id='2'...', Array)
#28 /Users/marcel/Sites/adventure-buddy/wp-includes/post-template.php(256): apply_filters('the_content', '[RM_Form id='2'...')
#29 /Users/marcel/Sites/adventure-buddy/wp-content/themes/bridge/page.php(52): the_content()
#30 /Users/marcel/Sites/adventure-buddy/wp-includes/template-loader.php(106): include('/Users/marcel/S...')
#31 /Users/marcel/Sites/adventure-buddy/wp-blog-header.php(19): require_once('/Users/marcel/S...')
#32 /Users/marcel/Sites/adventure-buddy/index.php(17): require('/Users/marcel/S...')
#33 {main}
  thrown v /Users/marcel/Sites/adventure-buddy/wp-content/themes/bridge-child/functions.php v vrstici 209

2023-10-09T17:34:45+00:00 CRITICAL Uncaught TypeError: Unsupported operand types: string + string in /Users/marcel/Sites/adventure-buddy/wp-content/themes/bridge-child/functions.php:209
Stack trace:
#0 /Users/marcel/Sites/adventure-buddy/wp-content/themes/bridge-child/functions.php(260): create_booking_resource('test')
#1 /Users/marcel/Sites/adventure-buddy/wp-content/themes/bridge-child/functions.php(283): create_and_set_availability('test')
#2 /Users/marcel/Sites/adventure-buddy/wp-includes/class-wp-hook.php(312): save_registration_data_to_custom_post('2')
#3 /Users/marcel/Sites/adventure-buddy/wp-includes/class-wp-hook.php(334): WP_Hook->apply_filters('', Array)
#4 /Users/marcel/Sites/adventure-buddy/wp-includes/plugin.php(517): WP_Hook->do_action(Array)
#5 /Users/marcel/Sites/adventure-buddy/wp-content/plugins/registrationmagic-premium/public/controllers/class_rm_front_form_controller_addon.php(277): do_action('rm_submission_c...', '2', Array, Array)
#6 /Users/marcel/Sites/adventure-buddy/wp-content/plugins/custom-registration-form-builder-with-submission-manager/public/controllers/class_rm_front_form_controller.php(39): RM_Front_Form_Controller_Addon->process(Object(RM_Fields), Object(RM_Front_Form_Service), Object(RM_Request), Array, Object(RM_Front_Form_Controller))
#7 /Users/marcel/Sites/adventure-buddy/wp-content/plugins/custom-registration-form-builder-with-submission-manager/includes/class_rm_main_controller.php(136): RM_Front_Form_Controller->process(Object(RM_Fields), Object(RM_Front_Form_Service), Object(RM_Request), Array)
#8 /Users/marcel/Sites/adventure-buddy/wp-content/plugins/registrationmagic-premium/public/class_rm_public_addon.php(167): RM_Main_Controller->run()
#9 /Users/marcel/Sites/adventure-buddy/wp-content/plugins/custom-registration-form-builder-with-submission-manager/public/class_rm_public.php(310): RM_Public_Addon->rm_user_form_render(Array, Object(RM_Public))
#10 /Users/marcel/Sites/adventure-buddy/wp-includes/shortcodes.php(395): RM_Public->rm_user_form_render(Array, '', 'RM_Form')
#11 [internal function]: do_shortcode_tag(Array)
#12 /Users/marcel/Sites/adventure-buddy/wp-includes/shortcodes.php(235): preg_replace_callback('/\\[(\\[?)(RM_For...', 'do_shortcode_ta...', '[RM_Form id='2'...')
#13 /Users/marcel/Sites/adventure-buddy/wp-content/plugins/elementor/includes/widgets/shortcode.php(130): do_shortcode('[RM_Form id='2'...')
#14 /Users/marcel/Sites/adventure-buddy/wp-content/plugins/elementor/includes/base/controls-stack.php(2268): Elementor\Widget_Shortcode->render()
#15 /Users/marcel/Sites/adventure-buddy/wp-content/plugins/elementor/includes/base/widget-base.php(609): Elementor\Controls_Stack->render_by_mode()
#16 /Users/marcel/Sites/adventure-buddy/wp-content/plugins/elementor/includes/base/widget-base.php(750): Elementor\Widget_Base->render_content()
#17 /Users/marcel/Sites/adventure-buddy/wp-content/plugins/elementor/includes/base/element-base.php(449): Elementor\Widget_Base->print_content()
#18 /Users/marcel/Sites/adventure-buddy/wp-content/plugins/elementor/includes/base/element-base.php(1354): Elementor\Element_Base->print_element()
#19 /Users/marcel/Sites/adventure-buddy/wp-content/plugins/elementor/includes/base/element-base.php(449): Elementor\Element_Base->print_content()
#20 /Users/marcel/Sites/adventure-buddy/wp-content/plugins/elementor/includes/base/element-base.php(1354): Elementor\Element_Base->print_element()
#21 /Users/marcel/Sites/adventure-buddy/wp-content/plugins/elementor/includes/base/element-base.php(449): Elementor\Element_Base->print_content()
#22 /Users/marcel/Sites/adventure-buddy/wp-content/plugins/elementor/core/base/document.php(1711): Elementor\Element_Base->print_element()
#23 /Users/marcel/Sites/adventure-buddy/wp-content/plugins/elementor/core/base/document.php(1106): Elementor\Core\Base\Document->print_elements(Array)
#24 /Users/marcel/Sites/adventure-buddy/wp-content/plugins/elementor/includes/frontend.php(1179): Elementor\Core\Base\Document->print_elements_with_wrapper(Array)
#25 /Users/marcel/Sites/adventure-buddy/wp-content/plugins/elementor/includes/frontend.php(1074): Elementor\Frontend->get_builder_content(884)
#26 /Users/marcel/Sites/adventure-buddy/wp-includes/class-wp-hook.php(310): Elementor\Frontend->apply_builder_in_content('[RM_Form id='2'...')
#27 /Users/marcel/Sites/adventure-buddy/wp-includes/plugin.php(205): WP_Hook->apply_filters('[RM_Form id='2'...', Array)
#28 /Users/marcel/Sites/adventure-buddy/wp-includes/post-template.php(256): apply_filters('the_content', '[RM_Form id='2'...')
#29 /Users/marcel/Sites/adventure-buddy/wp-content/themes/bridge/page.php(52): the_content()
#30 /Users/marcel/Sites/adventure-buddy/wp-includes/template-loader.php(106): include('/Users/marcel/S...')
#31 /Users/marcel/Sites/adventure-buddy/wp-blog-header.php(19): require_once('/Users/marcel/S...')
#32 /Users/marcel/Sites/adventure-buddy/index.php(17): require('/Users/marcel/S...')
#33 {main}
  thrown v /Users/marcel/Sites/adventure-buddy/wp-content/themes/bridge-child/functions.php v vrstici 209

2023-10-09T17:36:37+00:00 CRITICAL Uncaught TypeError: Unsupported operand types: string + string in /Users/marcel/Sites/adventure-buddy/wp-content/themes/bridge-child/functions.php:209
Stack trace:
#0 /Users/marcel/Sites/adventure-buddy/wp-content/themes/bridge-child/functions.php(260): create_booking_resource('')
#1 /Users/marcel/Sites/adventure-buddy/wp-content/themes/bridge-child/functions.php(283): create_and_set_availability('')
#2 /Users/marcel/Sites/adventure-buddy/wp-includes/class-wp-hook.php(312): save_registration_data_to_custom_post('2')
#3 /Users/marcel/Sites/adventure-buddy/wp-includes/class-wp-hook.php(334): WP_Hook->apply_filters('', Array)
#4 /Users/marcel/Sites/adventure-buddy/wp-includes/plugin.php(517): WP_Hook->do_action(Array)
#5 /Users/marcel/Sites/adventure-buddy/wp-content/plugins/registrationmagic-premium/public/controllers/class_rm_front_form_controller_addon.php(277): do_action('rm_submission_c...', '2', Array, Array)
#6 /Users/marcel/Sites/adventure-buddy/wp-content/plugins/custom-registration-form-builder-with-submission-manager/public/controllers/class_rm_front_form_controller.php(39): RM_Front_Form_Controller_Addon->process(Object(RM_Fields), Object(RM_Front_Form_Service), Object(RM_Request), Array, Object(RM_Front_Form_Controller))
#7 /Users/marcel/Sites/adventure-buddy/wp-content/plugins/custom-registration-form-builder-with-submission-manager/includes/class_rm_main_controller.php(136): RM_Front_Form_Controller->process(Object(RM_Fields), Object(RM_Front_Form_Service), Object(RM_Request), Array)
#8 /Users/marcel/Sites/adventure-buddy/wp-content/plugins/registrationmagic-premium/public/class_rm_public_addon.php(167): RM_Main_Controller->run()
#9 /Users/marcel/Sites/adventure-buddy/wp-content/plugins/custom-registration-form-builder-with-submission-manager/public/class_rm_public.php(310): RM_Public_Addon->rm_user_form_render(Array, Object(RM_Public))
#10 /Users/marcel/Sites/adventure-buddy/wp-includes/shortcodes.php(395): RM_Public->rm_user_form_render(Array, '', 'RM_Form')
#11 [internal function]: do_shortcode_tag(Array)
#12 /Users/marcel/Sites/adventure-buddy/wp-includes/shortcodes.php(235): preg_replace_callback('/\\[(\\[?)(RM_For...', 'do_shortcode_ta...', '[RM_Form id='2'...')
#13 /Users/marcel/Sites/adventure-buddy/wp-content/plugins/elementor/includes/widgets/shortcode.php(130): do_shortcode('[RM_Form id='2'...')
#14 /Users/marcel/Sites/adventure-buddy/wp-content/plugins/elementor/includes/base/controls-stack.php(2268): Elementor\Widget_Shortcode->render()
#15 /Users/marcel/Sites/adventure-buddy/wp-content/plugins/elementor/includes/base/widget-base.php(609): Elementor\Controls_Stack->render_by_mode()
#16 /Users/marcel/Sites/adventure-buddy/wp-content/plugins/elementor/includes/base/widget-base.php(750): Elementor\Widget_Base->render_content()
#17 /Users/marcel/Sites/adventure-buddy/wp-content/plugins/elementor/includes/base/element-base.php(449): Elementor\Widget_Base->print_content()
#18 /Users/marcel/Sites/adventure-buddy/wp-content/plugins/elementor/includes/base/element-base.php(1354): Elementor\Element_Base->print_element()
#19 /Users/marcel/Sites/adventure-buddy/wp-content/plugins/elementor/includes/base/element-base.php(449): Elementor\Element_Base->print_content()
#20 /Users/marcel/Sites/adventure-buddy/wp-content/plugins/elementor/includes/base/element-base.php(1354): Elementor\Element_Base->print_element()
#21 /Users/marcel/Sites/adventure-buddy/wp-content/plugins/elementor/includes/base/element-base.php(449): Elementor\Element_Base->print_content()
#22 /Users/marcel/Sites/adventure-buddy/wp-content/plugins/elementor/core/base/document.php(1711): Elementor\Element_Base->print_element()
#23 /Users/marcel/Sites/adventure-buddy/wp-content/plugins/elementor/core/base/document.php(1106): Elementor\Core\Base\Document->print_elements(Array)
#24 /Users/marcel/Sites/adventure-buddy/wp-content/plugins/elementor/includes/frontend.php(1179): Elementor\Core\Base\Document->print_elements_with_wrapper(Array)
#25 /Users/marcel/Sites/adventure-buddy/wp-content/plugins/elementor/includes/frontend.php(1074): Elementor\Frontend->get_builder_content(884)
#26 /Users/marcel/Sites/adventure-buddy/wp-includes/class-wp-hook.php(310): Elementor\Frontend->apply_builder_in_content('[RM_Form id='2'...')
#27 /Users/marcel/Sites/adventure-buddy/wp-includes/plugin.php(205): WP_Hook->apply_filters('[RM_Form id='2'...', Array)
#28 /Users/marcel/Sites/adventure-buddy/wp-includes/post-template.php(256): apply_filters('the_content', '[RM_Form id='2'...')
#29 /Users/marcel/Sites/adventure-buddy/wp-content/themes/bridge/page.php(52): the_content()
#30 /Users/marcel/Sites/adventure-buddy/wp-includes/template-loader.php(106): include('/Users/marcel/S...')
#31 /Users/marcel/Sites/adventure-buddy/wp-blog-header.php(19): require_once('/Users/marcel/S...')
#32 /Users/marcel/Sites/adventure-buddy/index.php(17): require('/Users/marcel/S...')
#33 {main}
  thrown v /Users/marcel/Sites/adventure-buddy/wp-content/themes/bridge-child/functions.php v vrstici 209

